INFO: [VRFC 10-2263] Analyzing Verilog file "C:/SUNNY2/LMAC3-vc709-2015-4/hardware/sources/hdl/LMAC3_RTL/LMAC_CORE_TOP/CRCs/CRC32_D56.v" into library xil_defaultlib
INFO: [VRFC 10-311] analyzing module CRC32_D56
INFO: [VRFC 10-2263] Analyzing Verilog file "C:/SUNNY2/LMAC3-vc709-2015-4/hardware/sources/hdl/LMAC3_RTL/LMAC_CORE_TOP/CRCs/CRC32_D96.v" into library xil_defaultlib
INFO: [VRFC 10-311] analyzing module CRC32_D96
INFO: [VRFC 10-2263] Analyzing Verilog file "C:/SUNNY2/LMAC3-vc709-2015-4/hardware/sources/hdl/LMAC3_RTL/LMAC_CORE_TOP/CRCs/CRC32_D16.v" into library xil_defaultlib
INFO: [VRFC 10-311] analyzing module CRC32_D16
INFO: [VRFC 10-2263] Analyzing Verilog file "C:/SUNNY2/LMAC3-vc709-2015-4/hardware/sources/hdl/LMAC3_RTL/LMAC_CORE_TOP/CRCs/CRC32_D168.v" into library xil_defaultlib
INFO: [VRFC 10-311] analyzing module CRC32_D168
INFO: [VRFC 10-2263] Analyzing Verilog file "C:/SUNNY2/LMAC3-vc709-2015-4/hardware/sources/hdl/LMAC3_RTL/LMAC_CORE_TOP/CRCs/CRC32_D128.v" into library xil_defaultlib
INFO: [VRFC 10-311] analyzing module CRC32_D128
INFO: [VRFC 10-2263] Analyzing Verilog file "C:/SUNNY2/LMAC3-vc709-2015-4/hardware/sources/hdl/LMAC3_RTL/LMAC_CORE_TOP/CRCs/CRC32_D160.v" into library xil_defaultlib
INFO: [VRFC 10-311] analyzing module CRC32_D160
INFO: [VRFC 10-2263] Analyzing Verilog file "C:/SUNNY2/LMAC3-vc709-2015-4/hardware/sources/hdl/LMAC3_RTL/LMAC_CORE_TOP/CRCs/CRC32_D216.v" into library xil_defaultlib
INFO: [VRFC 10-311] analyzing module CRC32_D216
INFO: [VRFC 10-2263] Analyzing Verilog file "C:/SUNNY2/LMAC3-vc709-2015-4/hardware/sources/hdl/LMAC3_RTL/LMAC_CORE_TOP/CRCs/CRC32_D120.v" into library xil_defaultlib
INFO: [VRFC 10-311] analyzing module CRC32_D120
INFO: [VRFC 10-2263] Analyzing Verilog file "C:/SUNNY2/LMAC3-vc709-2015-4/hardware/sources/hdl/LMAC3_RTL/LMAC_CORE_TOP/CRCs/CRC32_D256.v" into library xil_defaultlib
INFO: [VRFC 10-311] analyzing module CRC32_D256
INFO: [VRFC 10-2263] Analyzing Verilog file "C:/SUNNY2/LMAC3-vc709-2015-4/hardware/sources/hdl/LMAC3_RTL/LMAC_CORE_TOP/CRCs/CRC32_D24.v" into library xil_defaultlib
INFO: [VRFC 10-311] analyzing module CRC32_D24
INFO: [VRFC 10-2263] Analyzing Verilog file "C:/SUNNY2/LMAC3-vc709-2015-4/hardware/sources/hdl/LMAC3_RTL/LMAC_CORE_TOP/CRCs/CRC32_D64.v" into library xil_defaultlib
INFO: [VRFC 10-311] analyzing module CRC32_D64
INFO: [VRFC 10-2263] Analyzing Verilog file "C:/SUNNY2/LMAC3-vc709-2015-4/hardware/sources/hdl/LMAC3_RTL/LMAC_CORE_TOP/CRCs/CRC32_D152.v" into library xil_defaultlib
INFO: [VRFC 10-311] analyzing module CRC32_D152
INFO: [VRFC 10-2263] Analyzing Verilog file "C:/SUNNY2/LMAC3-vc709-2015-4/hardware/sources/hdl/LMAC3_RTL/LMAC_CORE_TOP/CRCs/CRC32_D112.v" into library xil_defaultlib
INFO: [VRFC 10-311] analyzing module CRC32_D112
INFO: [VRFC 10-2263] Analyzing Verilog file "C:/SUNNY2/LMAC3-vc709-2015-4/hardware/sources/hdl/LMAC3_RTL/LMAC_CORE_TOP/CRCs/CRC32_D224.v" into library xil_defaultlib
INFO: [VRFC 10-311] analyzing module CRC32_D224
INFO: [VRFC 10-2263] Analyzing Verilog file "C:/SUNNY2/LMAC3-vc709-2015-4/hardware/sources/hdl/LMAC3_RTL/LMAC_CORE_TOP/CRCs/CRC32_D192.v" into library xil_defaultlib
INFO: [VRFC 10-311] analyzing module CRC32_D192
INFO: [VRFC 10-2263] Analyzing Verilog file "C:/SUNNY2/LMAC3-vc709-2015-4/hardware/sources/hdl/LMAC3_RTL/LMAC_CORE_TOP/CRCs/CRC32_D32.v" into library xil_defaultlib
INFO: [VRFC 10-311] analyzing module CRC32_D32
INFO: [VRFC 10-2263] Analyzing Verilog file "C:/SUNNY2/LMAC3-vc709-2015-4/hardware/sources/hdl/LMAC3_RTL/LMAC_CORE_TOP/CRCs/CRC32_D104.v" into library xil_defaultlib
INFO: [VRFC 10-311] analyzing module CRC32_D104
INFO: [VRFC 10-2263] Analyzing Verilog file "C:/SUNNY2/LMAC3-vc709-2015-4/hardware/sources/hdl/LMAC3_RTL/LMAC_CORE_TOP/CRCs/CRC32_D232.v" into library xil_defaultlib
INFO: [VRFC 10-311] analyzing module CRC32_D232
INFO: [VRFC 10-2263] Analyzing Verilog file "C:/SUNNY2/LMAC3-vc709-2015-4/hardware/sources/hdl/LMAC3_RTL/LMAC_CORE_TOP/CRCs/CRC32_D184.v" into library xil_defaultlib
INFO: [VRFC 10-311] analyzing module CRC32_D184
INFO: [VRFC 10-2263] Analyzing Verilog file "C:/SUNNY2/LMAC3-vc709-2015-4/hardware/sources/hdl/LMAC3_RTL/LMAC_CORE_TOP/CRCs/CRC32_D144.v" into library xil_defaultlib
INFO: [VRFC 10-311] analyzing module CRC32_D144
INFO: [VRFC 10-2263] Analyzing Verilog file "C:/SUNNY2/LMAC3-vc709-2015-4/hardware/sources/hdl/LMAC3_RTL/LMAC_CORE_TOP/CRCs/CRC32_D72.v" into library xil_defaultlib
INFO: [VRFC 10-311] analyzing module CRC32_D72
INFO: [VRFC 10-2263] Analyzing Verilog file "C:/SUNNY2/LMAC3-vc709-2015-4/hardware/sources/hdl/LMAC3_RTL/LMAC_CORE_TOP/CRCs/CRC32_D88.v" into library xil_defaultlib
INFO: [VRFC 10-311] analyzing module CRC32_D88
INFO: [VRFC 10-2263] Analyzing Verilog file "C:/SUNNY2/LMAC3-vc709-2015-4/hardware/sources/hdl/LMAC3_RTL/LMAC_CORE_TOP/CRCs/CRC32_D48.v" into library xil_defaultlib
INFO: [VRFC 10-311] analyzing module CRC32_D48
INFO: [VRFC 10-2263] Analyzing Verilog file "C:/SUNNY2/LMAC3-vc709-2015-4/hardware/sources/hdl/LMAC3_RTL/LMAC_CORE_TOP/CRCs/CRC32_D200.v" into library xil_defaultlib
INFO: [VRFC 10-311] analyzing module CRC32_D200
INFO: [VRFC 10-2263] Analyzing Verilog file "C:/SUNNY2/LMAC3-vc709-2015-4/hardware/sources/hdl/LMAC3_RTL/LMAC_CORE_TOP/CRCs/CRC32_D136.v" into library xil_defaultlib
INFO: [VRFC 10-311] analyzing module CRC32_D136
INFO: [VRFC 10-2263] Analyzing Verilog file "C:/SUNNY2/LMAC3-vc709-2015-4/hardware/sources/hdl/LMAC3_RTL/LMAC_CORE_TOP/CRCs/CRC32_D240.v" into library xil_defaultlib
INFO: [VRFC 10-311] analyzing module CRC32_D240
INFO: [VRFC 10-2263] Analyzing Verilog file "C:/SUNNY2/LMAC3-vc709-2015-4/hardware/sources/hdl/LMAC3_RTL/LMAC_CORE_TOP/CRCs/CRC32_D208.v" into library xil_defaultlib
INFO: [VRFC 10-311] analyzing module CRC32_D208
INFO: [VRFC 10-2263] Analyzing Verilog file "C:/SUNNY2/LMAC3-vc709-2015-4/hardware/sources/hdl/LMAC3_RTL/LMAC_CORE_TOP/CRCs/CRC32_D176.v" into library xil_defaultlib
INFO: [VRFC 10-311] analyzing module CRC32_D176
INFO: [VRFC 10-2263] Analyzing Verilog file "C:/SUNNY2/LMAC3-vc709-2015-4/hardware/sources/hdl/LMAC3_RTL/LMAC_CORE_TOP/CRCs/CRC32_D248.v" into library xil_defaultlib
INFO: [VRFC 10-311] analyzing module CRC32_D248
INFO: [VRFC 10-2263] Analyzing Verilog file "C:/SUNNY2/LMAC3-vc709-2015-4/hardware/sources/hdl/LMAC3_RTL/LMAC_CORE_TOP/CRCs/CRC32_D80.v" into library xil_defaultlib
INFO: [VRFC 10-311] analyzing module CRC32_D80
INFO: [VRFC 10-2263] Analyzing Verilog file "C:/SUNNY2/LMAC3-vc709-2015-4/hardware/sources/hdl/LMAC3_RTL/LMAC_CORE_TOP/CRCs/CRC32_D8.v" into library xil_defaultlib
INFO: [VRFC 10-311] analyzing module CRC32_D8
INFO: [VRFC 10-2263] Analyzing Verilog file "C:/SUNNY2/LMAC3-vc709-2015-4/hardware/sources/hdl/LMAC3_RTL/LMAC_CORE_TOP/CRCs/CRC32_D40.v" into library xil_defaultlib
INFO: [VRFC 10-311] analyzing module CRC32_D40
INFO: [VRFC 10-2263] Analyzing Verilog file "C:/SUNNY2/LMAC3-vc709-2015-4/hardware/sources/hdl/LMAC3_RTL/LMAC_CORE_TOP/tx_mac10g_crc32x64.v" into library xil_defaultlib
INFO: [VRFC 10-311] analyzing module tx_mac10g_crc32x64
INFO: [VRFC 10-2263] Analyzing Verilog file "C:/SUNNY2/LMAC3-vc709-2015-4/hardware/sources/hdl/LMAC3_RTL/LMAC_CORE_TOP/eth_crc32_gen.v" into library xil_defaultlib
INFO: [VRFC 10-311] analyzing module eth_crc32_gen
INFO: [VRFC 10-2263] Analyzing Verilog file "C:/SUNNY2/LMAC3-vc709-2015-4/hardware/sources/hdl/LMAC3_RTL/LMAC_CORE_TOP/br_sfifo4x32.v" into library xil_defaultlib
INFO: [VRFC 10-311] analyzing module br_sfifo4x32
INFO: [VRFC 10-2263] Analyzing Verilog file "C:/SUNNY2/LMAC3-vc709-2015-4/hardware/sources/hdl/LMAC3_RTL/LMAC_CORE_TOP/tx_encap_100G.v" into library xil_defaultlib
INFO: [VRFC 10-311] analyzing module tx_encap_100G
INFO: [VRFC 10-2263] Analyzing Verilog file "C:/SUNNY2/LMAC3-vc709-2015-4/hardware/sources/hdl/LMAC3_RTL/LMAC_CORE_TOP/tx_cgmii_LE2.v" into library xil_defaultlib
INFO: [VRFC 10-311] analyzing module tx_cgmii
INFO: [VRFC 10-2263] Analyzing Verilog file "C:/SUNNY2/LMAC3-vc709-2015-4/hardware/sources/hdl/LMAC3_RTL/LMAC_CORE_TOP/tx_xgmii_LE2.v" into library xil_defaultlib
INFO: [VRFC 10-311] analyzing module tx_xgmii
INFO: [VRFC 10-2263] Analyzing Verilog file "C:/SUNNY2/LMAC3-vc709-2015-4/hardware/sources/hdl/LMAC3_RTL/LMAC_CORE_TOP/tx_encap_10G.v" into library xil_defaultlib
INFO: [VRFC 10-311] analyzing module tx_encap_10G
INFO: [VRFC 10-2263] Analyzing Verilog file "C:/SUNNY2/LMAC3-vc709-2015-4/hardware/sources/hdl/LMAC3_RTL/LMAC_CORE_TOP/br_pre_ctrl_fifo1024x40.v" into library xil_defaultlib
INFO: [VRFC 10-311] analyzing module br_pre_ctrl_fifo1024x40
INFO: [VRFC 10-2263] Analyzing Verilog file "C:/SUNNY2/LMAC3-vc709-2015-4/hardware/sources/hdl/LMAC3_RTL/LMAC_CORE_TOP/tx_10G_wrap.v" into library xil_defaultlib
INFO: [VRFC 10-311] analyzing module tx_10G_wrap
INFO: [VRFC 10-2263] Analyzing Verilog file "C:/SUNNY2/LMAC3-vc709-2015-4/hardware/sources/hdl/LMAC3_RTL/LMAC_CORE_TOP/byte_reordering.v" into library xil_defaultlib
INFO: [VRFC 10-311] analyzing module tcore_byte_reordering
INFO: [VRFC 10-2263] Analyzing Verilog file "C:/SUNNY2/LMAC3-vc709-2015-4/hardware/sources/hdl/LMAC3_RTL/LMAC_CORE_TOP/s2p10.v" into library xil_defaultlib
INFO: [VRFC 10-311] analyzing module s2p10
INFO: [VRFC 10-2263] Analyzing Verilog file "C:/SUNNY2/LMAC3-vc709-2015-4/hardware/sources/hdl/LMAC3_RTL/LMAC_CORE_TOP/x2c_data_fifo1024x256.v" into library xil_defaultlib
INFO: [VRFC 10-311] analyzing module x2c_data_fifo1024x256
INFO: [VRFC 10-2263] Analyzing Verilog file "C:/SUNNY2/LMAC3-vc709-2015-4/hardware/sources/hdl/LMAC3_RTL/LMAC_CORE_TOP/txfifo_1024x256.v" into library xil_defaultlib
INFO: [VRFC 10-311] analyzing module txfifo_1024x256
INFO: [VRFC 10-2263] Analyzing Verilog file "C:/SUNNY2/LMAC3-vc709-2015-4/hardware/sources/hdl/LMAC3_RTL/LMAC_CORE_TOP/x2c_bcnt_fifo256x32.v" into library xil_defaultlib
INFO: [VRFC 10-311] analyzing module x2c_bcnt_fifo256x32
INFO: [VRFC 10-2263] Analyzing Verilog file "C:/SUNNY2/LMAC3-vc709-2015-4/hardware/sources/hdl/LMAC3_RTL/LMAC_CORE_TOP/br_pre_data_fifo1024x256.v" into library xil_defaultlib
INFO: [VRFC 10-311] analyzing module br_pre_data_fifo1024x256
INFO: [VRFC 10-2263] Analyzing Verilog file "C:/SUNNY2/LMAC3-vc709-2015-4/hardware/sources/hdl/LMAC3_RTL/LMAC_CORE_TOP/rx_cgmii_LE2.v" into library xil_defaultlib
INFO: [VRFC 10-311] analyzing module tcore_rx_cgmii
INFO: [VRFC 10-2263] Analyzing Verilog file "C:/SUNNY2/LMAC3-vc709-2015-4/hardware/sources/hdl/LMAC3_RTL/LMAC_CORE_TOP/fmac_fifo4Kx32.v" into library xil_defaultlib
INFO: [VRFC 10-311] analyzing module fmac_fifo4Kx32
INFO: [VRFC 10-2263] Analyzing Verilog file "C:/SUNNY2/LMAC3-vc709-2015-4/hardware/sources/hdl/LMAC3_RTL/LMAC_CORE_TOP/x2c_ctrl_fifo1024x32.v" into library xil_defaultlib
INFO: [VRFC 10-311] analyzing module x2c_ctrl_fifo1024x32
INFO: [VRFC 10-2263] Analyzing Verilog file "C:/SUNNY2/LMAC3-vc709-2015-4/hardware/sources/hdl/LMAC3_RTL/LMAC_CORE_TOP/fmac_rx_fifo4Kx256.v" into library xil_defaultlib
INFO: [VRFC 10-311] analyzing module fmac_rx_fifo4Kx256
INFO: [VRFC 10-2263] Analyzing Verilog file "C:/SUNNY2/LMAC3-vc709-2015-4/hardware/sources/hdl/LMAC3_RTL/LMAC_CORE_TOP/tx_100G_wrap.v" into library xil_defaultlib
INFO: [VRFC 10-311] analyzing module tx_100G_wrap
INFO: [VRFC 10-2263] Analyzing Verilog file "C:/SUNNY2/LMAC3-vc709-2015-4/hardware/sources/hdl/LMAC3_RTL/LMAC_CORE_TOP/rx_decap_LE2.v" into library xil_defaultlib
INFO: [VRFC 10-311] analyzing module rx_decap
INFO: [VRFC 10-2263] Analyzing Verilog file "C:/SUNNY2/LMAC3-vc709-2015-4/hardware/sources/hdl/LMAC3_RTL/LMAC_CORE_TOP/fmac_ipcs_fifo512x64.v" into library xil_defaultlib
INFO: [VRFC 10-311] analyzing module fmac_ipcs_fifo512x64
INFO: [VRFC 10-2263] Analyzing Verilog file "C:/SUNNY2/LMAC3-vc709-2015-4/hardware/sources/hdl/LMAC3_RTL/LMAC_CORE_TOP/rx_50G.v" into library xil_defaultlib
INFO: [VRFC 10-311] analyzing module rx_50G
INFO: [VRFC 10-2263] Analyzing Verilog file "C:/SUNNY2/LMAC3-vc709-2015-4/hardware/sources/hdl/LMAC3_RTL/LMAC_CORE_TOP/x2c_ctrl.v" into library xil_defaultlib
INFO: [VRFC 10-311] analyzing module x2c_ctrl
INFO: [VRFC 10-2263] Analyzing Verilog file "C:/SUNNY2/LMAC3-vc709-2015-4/hardware/sources/hdl/LMAC3_RTL/LMAC_CORE_TOP/rx_100g.v" into library xil_defaultlib
INFO: [VRFC 10-311] analyzing module rx_100G
INFO: [VRFC 10-2263] Analyzing Verilog file "C:/SUNNY2/LMAC3-vc709-2015-4/hardware/sources/hdl/LMAC3_RTL/LMAC_CORE_TOP/fmac_register_if_LE2.v" into library xil_defaultlib
INFO: [VRFC 10-311] analyzing module fmac_register_if
INFO: [VRFC 10-2263] Analyzing Verilog file "C:/SUNNY2/LMAC3-vc709-2015-4/hardware/sources/hdl/LMAC3_RTL/LMAC_CORE_TOP/byte_reordering_wrap.v" into library xil_defaultlib
INFO: [VRFC 10-311] analyzing module byte_reordering_wrap
INFO: [VRFC 10-2263] Analyzing Verilog file "C:/SUNNY2/LMAC3-vc709-2015-4/hardware/sources/hdl/LMAC3_RTL/LMAC_CORE_TOP/tcore_fmac_core_LE2.v" into library xil_defaultlib
INFO: [VRFC 10-311] analyzing module tcore_fmac_core
INFO: [VRFC 10-2263] Analyzing Verilog file "C:/SUNNY2/LMAC3-vc709-2015-4/hardware/sources/hdl/LMAC3_RTL/LMAC_CORE_TOP/LMAC_CORE_TOP.v" into library xil_defaultlib
INFO: [VRFC 10-311] analyzing module LMAC_CORE_TOP
INFO: [VRFC 10-2263] Analyzing Verilog file "C:/SUNNY2/LMAC3-vc709-2015-4/hardware/sources/hdl/LMAC3_RTL/LMAC_TOP_SYNTH/LMAC_TOP_SYNTH.v" into library xil_defaultlib
INFO: [VRFC 10-311] analyzing module LMAC_TOP_SYNTH
INFO: [VRFC 10-2263] Analyzing Verilog file "C:/SUNNY2/LMAC3-vc709-2015-4/hardware/sources/hdl/LMAC3_RTL/LPBK_MODULE/LPBK_MODULE.v" into library xil_defaultlib
INFO: [VRFC 10-311] analyzing module LPBK_MODULE
INFO: [VRFC 10-2263] Analyzing Verilog file "C:/SUNNY2/LMAC3-vc709-2015-4/hardware/vivado/runs/LMAC3-vc7-9-2015-4.ip_user_files/ipstatic/ten_gig_eth_pcs_pma_v6_0_3/hdl/ten_gig_eth_pcs_pma_v6_0_rfs.v" into library ten_gig_eth_pcs_pma_v6_0_3
INFO: [VRFC 10-311] analyzing module ten_gig_eth_pcs_pma_v6_0_3_baser_gen
INFO: [VRFC 10-311] analyzing module ten_gig_eth_pcs_pma_v6_0_3_kr_gen
INFO: [VRFC 10-311] analyzing module ten_gig_eth_pcs_pma_v6_0_3_wrapper
INFO: [VRFC 10-311] analyzing module ten_gig_eth_pcs_pma_v6_0_3
INFO: [VRFC 10-311] analyzing module ten_gig_eth_pcs_pma_v6_0_3_an_rx
INFO: [VRFC 10-311] analyzing module ten_gig_eth_pcs_pma_v6_0_3_an_top
INFO: [VRFC 10-311] analyzing module ten_gig_eth_pcs_pma_v6_0_3_sim_speedup_controller
INFO: [VRFC 10-311] analyzing module ten_gig_eth_pcs_pma_v6_0_3_an_tx
INFO: [VRFC 10-311] analyzing module ten_gig_eth_pcs_pma_v6_0_3_asynch_fifo
INFO: [VRFC 10-311] analyzing module ten_gig_eth_pcs_pma_v6_0_3_basekr_ieee_registers
INFO: [VRFC 10-311] analyzing module ten_gig_eth_pcs_pma_v6_0_3_CC2CE
INFO: [VRFC 10-311] analyzing module ten_gig_eth_pcs_pma_v6_0_3_CC8CE
INFO: [VRFC 10-311] analyzing module ten_gig_eth_pcs_pma_v6_0_3_coherent_resyncs
INFO: [VRFC 10-311] analyzing module ten_gig_eth_pcs_pma_v6_0_3_coherent_resyncs_en
INFO: [VRFC 10-311] analyzing module ten_gig_eth_pcs_pma_v6_0_3_combine_status
INFO: [VRFC 10-311] analyzing module ten_gig_eth_pcs_pma_v6_0_3_common_ieee_registers
INFO: [VRFC 10-311] analyzing module ten_gig_eth_pcs_pma_v6_0_3_cs_ipif_access
INFO: [VRFC 10-311] analyzing module ten_gig_eth_pcs_pma_v6_0_3_decimate_config
INFO: [VRFC 10-311] analyzing module ten_gig_eth_pcs_pma_v6_0_3_distributed_dp_ram
INFO: [VRFC 10-311] analyzing module ten_gig_eth_pcs_pma_v6_0_3_dp_ram
INFO: [VRFC 10-311] analyzing module ten_gig_eth_pcs_pma_v6_0_3_drp_arbiter
INFO: [VRFC 10-311] analyzing module ten_gig_eth_pcs_pma_v6_0_3_drp_ipif
INFO: [VRFC 10-311] analyzing module ten_gig_eth_pcs_pma_v6_0_3_elastic_buffer
INFO: [VRFC 10-311] analyzing module ten_gig_eth_pcs_pma_v6_0_3_elastic_buffer_wrapper
INFO: [VRFC 10-311] analyzing module ten_gig_eth_pcs_pma_v6_0_3_err_track_ERR_PAT40875
INFO: [VRFC 10-311] analyzing module ten_gig_eth_pcs_pma_v6_0_3_err_track_ERR_PAT66
INFO: [VRFC 10-311] analyzing module ten_gig_eth_pcs_pma_v6_0_3_err_track_ERR_PAT1
INFO: [VRFC 10-311] analyzing module ten_gig_eth_pcs_pma_v6_0_3_err_track_ERR_PAT20
INFO: [VRFC 10-311] analyzing module ten_gig_eth_pcs_pma_v6_0_3_err_track_ERR_PAT34
INFO: [VRFC 10-311] analyzing module ten_gig_eth_pcs_pma_v6_0_3_err_track_ERR_PAT43
INFO: [VRFC 10-311] analyzing module ten_gig_eth_pcs_pma_v6_0_3_err_track_ERR_PAT65
INFO: [VRFC 10-311] analyzing module ten_gig_eth_pcs_pma_v6_0_3_err_track_ERR_PAT40853
INFO: [VRFC 10-311] analyzing module ten_gig_eth_pcs_pma_v6_0_3_fastxor2_12
INFO: [VRFC 10-311] analyzing module ten_gig_eth_pcs_pma_v6_0_3_fastxor2_18
INFO: [VRFC 10-311] analyzing module ten_gig_eth_pcs_pma_v6_0_3_fec_block_sync
INFO: [VRFC 10-311] analyzing module ten_gig_eth_pcs_pma_v6_0_3_fec_dec
INFO: [VRFC 10-311] analyzing module ten_gig_eth_pcs_pma_v6_0_3_fec_enc
INFO: [VRFC 10-311] analyzing module ten_gig_eth_pcs_pma_v6_0_3_fec_enc_parity
INFO: [VRFC 10-311] analyzing module ten_gig_eth_pcs_pma_v6_0_3_fec_err_pattgen_corr
INFO: [VRFC 10-311] analyzing module ten_gig_eth_pcs_pma_v6_0_3_fec_err_pcs
INFO: [VRFC 10-311] analyzing module ten_gig_eth_pcs_pma_v6_0_3_fec_pn2112
INFO: [VRFC 10-311] analyzing module ten_gig_eth_pcs_pma_v6_0_3_fec_syndrome
INFO: [VRFC 10-311] analyzing module ten_gig_eth_pcs_pma_v6_0_3_fec_top
INFO: [VRFC 10-311] analyzing module ten_gig_eth_pcs_pma_v6_0_3_g_register
INFO: [VRFC 10-311] analyzing module ten_gig_eth_pcs_pma_v6_0_3_g_resyncs
INFO: [VRFC 10-311] analyzing module ten_gig_eth_pcs_pma_v6_0_3_g_resyncs_en
INFO: [VRFC 10-311] analyzing module ten_gig_eth_pcs_pma_v6_0_3_handoff
INFO: [VRFC 10-311] analyzing module ten_gig_eth_pcs_pma_v6_0_3_latency_drp_read
INFO: [VRFC 10-311] analyzing module ten_gig_eth_pcs_pma_v6_0_3_rx_seq_counter
INFO: [VRFC 10-311] analyzing module ten_gig_eth_pcs_pma_v6_0_3_ui_to_ns_convert
INFO: [VRFC 10-311] analyzing module ten_gig_eth_pcs_pma_v6_0_3_timer_rx_latency_correct
INFO: [VRFC 10-311] analyzing module ten_gig_eth_pcs_pma_v6_0_3_cf_timer_rx_latency_correct
INFO: [VRFC 10-311] analyzing module ten_gig_eth_pcs_pma_v6_0_3_1588_top
INFO: [VRFC 10-311] analyzing module ten_gig_eth_pcs_pma_v6_0_3_idle_delete
INFO: [VRFC 10-311] analyzing module ten_gig_eth_pcs_pma_v6_0_3_idle_detect
INFO: [VRFC 10-311] analyzing module ten_gig_eth_pcs_pma_v6_0_3_idle_insert
INFO: [VRFC 10-311] analyzing module ten_gig_eth_pcs_pma_v6_0_3_ieee_counters
INFO: [VRFC 10-311] analyzing module ten_gig_eth_pcs_pma_v6_0_3_ieee_registers
INFO: [VRFC 10-311] analyzing module ten_gig_eth_pcs_pma_v6_0_3_ipif_access
INFO: [VRFC 10-311] analyzing module ten_gig_eth_pcs_pma_v6_0_3_management_cs
INFO: [VRFC 10-311] analyzing module ten_gig_eth_pcs_pma_v6_0_3_management_mdio
INFO: [VRFC 10-311] analyzing module ten_gig_eth_pcs_pma_v6_0_3_management_top
INFO: [VRFC 10-311] analyzing module ten_gig_eth_pcs_pma_v6_0_3_mdio_interface
INFO: [VRFC 10-311] analyzing module ten_gig_eth_pcs_pma_v6_0_3_pcs_descramble
INFO: [VRFC 10-311] analyzing module ten_gig_eth_pcs_pma_v6_0_3_pcs_scramble
INFO: [VRFC 10-311] analyzing module ten_gig_eth_pcs_pma_v6_0_3_pcs_top
INFO: [VRFC 10-311] analyzing module ten_gig_eth_pcs_pma_v6_0_3_pcs_txrx_codec
INFO: [VRFC 10-311] analyzing module ten_gig_eth_pcs_pma_v6_0_3_prbs11
INFO: [VRFC 10-311] analyzing module ten_gig_eth_pcs_pma_v6_0_3_pulse_synchronizer
INFO: [VRFC 10-311] analyzing module ten_gig_eth_pcs_pma_v6_0_3_pulse_synchronizer_double
INFO: [VRFC 10-311] analyzing module ten_gig_eth_pcs_pma_v6_0_3_rx_ber_mon_fsm
INFO: [VRFC 10-311] analyzing module ten_gig_eth_pcs_pma_v6_0_3_rx_block_lock_fsm
INFO: [VRFC 10-311] analyzing module ten_gig_eth_pcs_pma_v6_0_3_rx_decoder
INFO: [VRFC 10-311] analyzing module ten_gig_eth_pcs_pma_v6_0_3_rx_pcs
INFO: [VRFC 10-311] analyzing module ten_gig_eth_pcs_pma_v6_0_3_rx_pcs_fsm
INFO: [VRFC 10-311] analyzing module ten_gig_eth_pcs_pma_v6_0_3_rx_pcs_test
INFO: [VRFC 10-311] analyzing module ten_gig_eth_pcs_pma_v6_0_3_rxratecounter
INFO: [VRFC 10-311] analyzing module ten_gig_eth_pcs_pma_v6_0_3_rxusrclk2_coreclk_counter_resync
INFO: [VRFC 10-311] analyzing module ten_gig_eth_pcs_pma_v6_0_3_seq_detect
INFO: [VRFC 10-311] analyzing module ten_gig_eth_pcs_pma_v6_0_3_synchronizer
INFO: [VRFC 10-311] analyzing module ten_gig_eth_pcs_pma_v6_0_3_synchronizer_rst
INFO: [VRFC 10-311] analyzing module ten_gig_eth_pcs_pma_v6_0_3_synchronizer_enable
INFO: [VRFC 10-311] analyzing module ten_gig_eth_pcs_pma_v6_0_3_toggle_detect
INFO: [VRFC 10-311] analyzing module ten_gig_eth_pcs_pma_v6_0_3_kr_top
INFO: [VRFC 10-311] analyzing module ten_gig_eth_pcs_pma_v6_0_3_baser_top
INFO: [VRFC 10-311] analyzing module ten_gig_eth_pcs_pma_v6_0_3_training_coeff_fsm
INFO: [VRFC 10-311] analyzing module ten_gig_eth_pcs_pma_v6_0_3_training_gt_update_drp
INFO: [VRFC 10-311] analyzing module ten_gig_eth_pcs_pma_v6_0_3_training_frame_lock
INFO: [VRFC 10-311] analyzing module ten_gig_eth_pcs_pma_v6_0_3_training_framer
INFO: [VRFC 10-311] analyzing module ten_gig_eth_pcs_pma_v6_0_3_training_fsm
INFO: [VRFC 10-311] analyzing module ten_gig_eth_pcs_pma_v6_0_3_training_output
INFO: [VRFC 10-311] analyzing module ten_gig_eth_pcs_pma_v6_0_3_training_rx_decode
INFO: [VRFC 10-311] analyzing module ten_gig_eth_pcs_pma_v6_0_3_training_top
INFO: [VRFC 10-311] analyzing module ten_gig_eth_pcs_pma_v6_0_3_training_tx_encode
INFO: [VRFC 10-311] analyzing module ten_gig_eth_pcs_pma_v6_0_3_tx_encoder
INFO: [VRFC 10-311] analyzing module ten_gig_eth_pcs_pma_v6_0_3_tx_pcs
INFO: [VRFC 10-311] analyzing module ten_gig_eth_pcs_pma_v6_0_3_tx_pcs_fsm
INFO: [VRFC 10-311] analyzing module ten_gig_eth_pcs_pma_v6_0_3_txratefifo
INFO: [VRFC 10-311] analyzing module ten_gig_eth_pcs_pma_v6_0_3_toggle_synchronizer
INFO: [VRFC 10-311] analyzing module ten_gig_eth_pcs_pma_v6_0_3_elastic_buffer_32
INFO: [VRFC 10-311] analyzing module ten_gig_eth_pcs_pma_v6_0_3_asynch_fifo_32
INFO: [VRFC 10-311] analyzing module ten_gig_eth_pcs_pma_v6_0_3_elastic_buffer_wrapper_32
INFO: [VRFC 10-311] analyzing module ten_gig_eth_pcs_pma_v6_0_3_idle_delete_32
INFO: [VRFC 10-311] analyzing module ten_gig_eth_pcs_pma_v6_0_3_idle_insert_32
INFO: [VRFC 10-311] analyzing module ten_gig_eth_pcs_pma_v6_0_3_pcs_descramble_32
INFO: [VRFC 10-311] analyzing module ten_gig_eth_pcs_pma_v6_0_3_pcs_scramble_32
INFO: [VRFC 10-311] analyzing module ten_gig_eth_pcs_pma_v6_0_3_pcs_top_32
INFO: [VRFC 10-311] analyzing module ten_gig_eth_pcs_pma_v6_0_3_rx_ber_mon_fsm_32
INFO: [VRFC 10-311] analyzing module ten_gig_eth_pcs_pma_v6_0_3_rx_block_lock_fsm_32
INFO: [VRFC 10-311] analyzing module ten_gig_eth_pcs_pma_v6_0_3_rx_decoder_32
INFO: [VRFC 10-311] analyzing module ten_gig_eth_pcs_pma_v6_0_3_rx_pcs_32
INFO: [VRFC 10-311] analyzing module ten_gig_eth_pcs_pma_v6_0_3_rx_pcs_fsm_32
INFO: [VRFC 10-311] analyzing module ten_gig_eth_pcs_pma_v6_0_3_rx_pcs_test_32
INFO: [VRFC 10-311] analyzing module ten_gig_eth_pcs_pma_v6_0_3_rxratecounter_32
INFO: [VRFC 10-311] analyzing module ten_gig_eth_pcs_pma_v6_0_3_rxratecounter_uscale_32
INFO: [VRFC 10-311] analyzing module ten_gig_eth_pcs_pma_v6_0_3_baser_top_32
INFO: [VRFC 10-311] analyzing module ten_gig_eth_pcs_pma_v6_0_3_tx_encoder_32
INFO: [VRFC 10-311] analyzing module ten_gig_eth_pcs_pma_v6_0_3_tx_pcs_32
INFO: [VRFC 10-311] analyzing module ten_gig_eth_pcs_pma_v6_0_3_tx_pcs_fsm_32
INFO: [VRFC 10-311] analyzing module ten_gig_eth_pcs_pma_v6_0_3_txratefifo_32
INFO: [VRFC 10-311] analyzing module ten_gig_eth_pcs_pma_v6_0_3_txratefifo_uscale_32
INFO: [VRFC 10-311] analyzing module ten_gig_eth_pcs_pma_v6_0_3_baser_top_25
INFO: [VRFC 10-2263] Analyzing Verilog file "C:/SUNNY2/LMAC3-vc709-2015-4/hardware/sources/ip_catalog/ten_gig_eth_pcs_pma_ip_shared_logic_in_core/synth/ten_gig_eth_pcs_pma_ip_shared_logic_in_core_gtwizard_gth_10gbaser_gt.v" into library ten_gig_eth_pcs_pma_v6_0_3
INFO: [VRFC 10-311] analyzing module ten_gig_eth_pcs_pma_ip_shared_logic_in_core_gtwizard_gth_10gbaser_GT
INFO: [VRFC 10-2263] Analyzing Verilog file "C:/SUNNY2/LMAC3-vc709-2015-4/hardware/sources/ip_catalog/ten_gig_eth_pcs_pma_ip_shared_logic_in_core/synth/ten_gig_eth_pcs_pma_ip_shared_logic_in_core_gtwizard_gth_10gbaser_multi_gt.v" into library ten_gig_eth_pcs_pma_v6_0_3
INFO: [VRFC 10-311] analyzing module ten_gig_eth_pcs_pma_ip_shared_logic_in_core_gtwizard_gth_10gbaser_multi_GT
INFO: [VRFC 10-2263] Analyzing Verilog file "C:/SUNNY2/LMAC3-vc709-2015-4/hardware/sources/ip_catalog/ten_gig_eth_pcs_pma_ip_shared_logic_in_core/synth/ten_gig_eth_pcs_pma_ip_shared_logic_in_core_ff_synchronizer_rst.v" into library ten_gig_eth_pcs_pma_v6_0_3
INFO: [VRFC 10-311] analyzing module ten_gig_eth_pcs_pma_ip_shared_logic_in_core_ff_synchronizer_rst
INFO: [VRFC 10-2263] Analyzing Verilog file "C:/SUNNY2/LMAC3-vc709-2015-4/hardware/sources/ip_catalog/ten_gig_eth_pcs_pma_ip_shared_logic_in_core/synth/ten_gig_eth_pcs_pma_ip_shared_logic_in_core_ff_synchronizer.v" into library ten_gig_eth_pcs_pma_v6_0_3
INFO: [VRFC 10-311] analyzing module ten_gig_eth_pcs_pma_ip_shared_logic_in_core_ff_synchronizer
INFO: [VRFC 10-2263] Analyzing Verilog file "C:/SUNNY2/LMAC3-vc709-2015-4/hardware/sources/ip_catalog/ten_gig_eth_pcs_pma_ip_shared_logic_in_core/synth/ten_gig_eth_pcs_pma_ip_shared_logic_in_core_local_clock_and_reset.v" into library ten_gig_eth_pcs_pma_v6_0_3
INFO: [VRFC 10-311] analyzing module ten_gig_eth_pcs_pma_ip_shared_logic_in_core_local_clock_and_reset
INFO: [VRFC 10-2263] Analyzing Verilog file "C:/SUNNY2/LMAC3-vc709-2015-4/hardware/sources/ip_catalog/ten_gig_eth_pcs_pma_ip_shared_logic_in_core/synth/ten_gig_eth_pcs_pma_ip_shared_logic_in_core_sim_speedup_controller.v" into library ten_gig_eth_pcs_pma_v6_0_3
INFO: [VRFC 10-311] analyzing module ten_gig_eth_pcs_pma_ip_shared_logic_in_core_sim_speedup_controller
INFO: [VRFC 10-2263] Analyzing Verilog file "C:/SUNNY2/LMAC3-vc709-2015-4/hardware/sources/ip_catalog/ten_gig_eth_pcs_pma_ip_shared_logic_in_core/synth/ten_gig_eth_pcs_pma_ip_shared_logic_in_core_cable_pull_logic.v" into library ten_gig_eth_pcs_pma_v6_0_3
INFO: [VRFC 10-311] analyzing module ten_gig_eth_pcs_pma_ip_shared_logic_in_core_cable_pull_logic
INFO: [VRFC 10-2263] Analyzing Verilog file "C:/SUNNY2/LMAC3-vc709-2015-4/hardware/sources/ip_catalog/ten_gig_eth_pcs_pma_ip_shared_logic_in_core/synth/ten_gig_eth_pcs_pma_ip_shared_logic_in_core_block.v" into library ten_gig_eth_pcs_pma_v6_0_3
INFO: [VRFC 10-311] analyzing module ten_gig_eth_pcs_pma_ip_shared_logic_in_core_block
INFO: [VRFC 10-2263] Analyzing Verilog file "C:/SUNNY2/LMAC3-vc709-2015-4/hardware/sources/ip_catalog/ten_gig_eth_pcs_pma_ip_shared_logic_in_core/synth/ten_gig_eth_pcs_pma_ip_shared_logic_in_core_support.v" into library ten_gig_eth_pcs_pma_v6_0_3
INFO: [VRFC 10-311] analyzing module ten_gig_eth_pcs_pma_ip_shared_logic_in_core_support
INFO: [VRFC 10-2263] Analyzing Verilog file "C:/SUNNY2/LMAC3-vc709-2015-4/hardware/sources/ip_catalog/ten_gig_eth_pcs_pma_ip_shared_logic_in_core/synth/ten_gig_eth_pcs_pma_ip_shared_logic_in_core_shared_clock_and_reset.v" into library ten_gig_eth_pcs_pma_v6_0_3
INFO: [VRFC 10-311] analyzing module ten_gig_eth_pcs_pma_ip_shared_logic_in_core_shared_clock_and_reset
INFO: [VRFC 10-2263] Analyzing Verilog file "C:/SUNNY2/LMAC3-vc709-2015-4/hardware/sources/ip_catalog/ten_gig_eth_pcs_pma_ip_shared_logic_in_core/synth/ten_gig_eth_pcs_pma_ip_shared_logic_in_core_gt_common.v" into library ten_gig_eth_pcs_pma_v6_0_3
INFO: [VRFC 10-311] analyzing module ten_gig_eth_pcs_pma_ip_shared_logic_in_core_gt_common
INFO: [VRFC 10-2263] Analyzing Verilog file "C:/SUNNY2/LMAC3-vc709-2015-4/hardware/sources/ip_catalog/ten_gig_eth_pcs_pma_ip_shared_logic_in_core/synth/ten_gig_eth_pcs_pma_ip_shared_logic_in_core_ff_synchronizer_rst2.v" into library ten_gig_eth_pcs_pma_v6_0_3
INFO: [VRFC 10-311] analyzing module ten_gig_eth_pcs_pma_ip_shared_logic_in_core_ff_synchronizer_rst2
INFO: [VRFC 10-2263] Analyzing Verilog file "C:/SUNNY2/LMAC3-vc709-2015-4/hardware/sources/ip_catalog/ten_gig_eth_pcs_pma_ip_shared_logic_in_core/synth/ten_gig_eth_pcs_pma_ip_shared_logic_in_core.v" into library xil_defaultlib
INFO: [VRFC 10-311] analyzing module ten_gig_eth_pcs_pma_ip_shared_logic_in_core
INFO: [VRFC 10-2263] Analyzing Verilog file "C:/SUNNY2/LMAC3-vc709-2015-4/hardware/sources/hdl/network_path/network_path_shared.v" into library xil_defaultlib
INFO: [VRFC 10-311] analyzing module network_path_shared
INFO: [VRFC 10-2263] Analyzing Verilog file "C:/SUNNY2/LMAC3-vc709-2015-4/hardware/sources/hdl/common/synchronizer_simple.v" into library xil_defaultlib
INFO: [VRFC 10-311] analyzing module synchronizer_simple
INFO: [VRFC 10-2263] Analyzing Verilog file "C:/SUNNY2/LMAC3-vc709-2015-4/hardware/sources/hdl/LMAC3_vc709_2015_4.v" into library xil_defaultlib
INFO: [VRFC 10-311] analyzing module LMAC3_vc709_2015_4
INFO: [VRFC 10-2263] Analyzing Verilog file "C:/SUNNY2/LMAC3-vc709-2015-4/hardware/sources/testbench/board.v" into library xil_defaultlib
INFO: [VRFC 10-311] analyzing module board
INFO: [VRFC 10-2263] Analyzing Verilog file "C:/SUNNY2/LMAC3-vc709-2015-4/hardware/vivado/runs/LMAC3-vc7-9-2015-4.sim/sim_1/behav/glbl.v" into library xil_defaultlib
INFO: [VRFC 10-311] analyzing module glbl
INFO: [VRFC 10-163] Analyzing VHDL file "C:/SUNNY2/LMAC3-vc709-2015-4/hardware/vivado/runs/LMAC3-vc7-9-2015-4.ip_user_files/ipstatic/fifo_generator_v13_0_1/simulation/fifo_generator_vhdl_beh.vhd" into library fifo_generator_v13_0_1
INFO: [VRFC 10-307] analyzing entity fifo_generator_v13_0_1_bhv_as
INFO: [VRFC 10-307] analyzing entity fifo_generator_v13_0_1_bhv_ss
INFO: [VRFC 10-307] analyzing entity fifo_generator_v13_0_1_bhv_preload0
INFO: [VRFC 10-307] analyzing entity fifo_generator_v13_0_1_conv
INFO: [VRFC 10-307] analyzing entity fifo_generator_v13_0_1_axic_reg_slice
INFO: [VRFC 10-307] analyzing entity fifo_generator_vhdl_beh
INFO: [VRFC 10-163] Analyzing VHDL file "C:/SUNNY2/LMAC3-vc709-2015-4/hardware/vivado/runs/LMAC3-vc7-9-2015-4.ip_user_files/ipstatic/fifo_generator_v13_0_1/hdl/fifo_generator_v13_0_rfs.vhd" into library fifo_generator_v13_0_1
INFO: [VRFC 10-307] analyzing entity input_blk
INFO: [VRFC 10-307] analyzing entity output_blk
INFO: [VRFC 10-307] analyzing entity shft_wrapper
INFO: [VRFC 10-307] analyzing entity shft_ram
INFO: [VRFC 10-307] analyzing entity wr_pf_as
INFO: [VRFC 10-307] analyzing entity wr_pf_ss
INFO: [VRFC 10-307] analyzing entity rd_pe_as
INFO: [VRFC 10-307] analyzing entity rd_pe_ss
INFO: [VRFC 10-307] analyzing entity synchronizer_ff
INFO: [VRFC 10-307] analyzing entity delay
INFO: [VRFC 10-307] analyzing entity bin_cntr
INFO: [VRFC 10-307] analyzing entity clk_x_pntrs_builtin
INFO: [VRFC 10-307] analyzing entity logic_builtin
INFO: [VRFC 10-307] analyzing entity builtin_prim
INFO: [VRFC 10-307] analyzing entity builtin_extdepth
INFO: [VRFC 10-307] analyzing entity builtin_top
INFO: [VRFC 10-307] analyzing entity reset_builtin
INFO: [VRFC 10-307] analyzing entity builtin_prim_v6
INFO: [VRFC 10-307] analyzing entity builtin_extdepth_v6
INFO: [VRFC 10-307] analyzing entity builtin_extdepth_low_latency
INFO: [VRFC 10-307] analyzing entity builtin_top_v6
INFO: [VRFC 10-307] analyzing entity fifo_generator_v13_0_1_builtin
INFO: [VRFC 10-307] analyzing entity bram_sync_reg
INFO: [VRFC 10-307] analyzing entity bram_fifo_rstlogic
INFO: [VRFC 10-307] analyzing entity reset_blk_ramfifo
INFO: [VRFC 10-307] analyzing entity axi_reg_slice
INFO: [VRFC 10-307] analyzing entity fifo_generator_top
INFO: [VRFC 10-307] analyzing entity fifo_generator_v13_0_1_synth
INFO: [VRFC 10-307] analyzing entity fifo_generator_v13_0_1
INFO: [VRFC 10-163] Analyzing VHDL file "C:/SUNNY2/LMAC3-vc709-2015-4/hardware/vivado/runs/LMAC3-vc7-9-2015-4.srcs/sources_1/ip/br_sfifo_ip_4x32/sim/br_sfifo_ip_4x32.vhd" into library xil_defaultlib
INFO: [VRFC 10-307] analyzing entity br_sfifo_ip_4x32
INFO: [VRFC 10-163] Analyzing VHDL file "C:/SUNNY2/LMAC3-vc709-2015-4/hardware/vivado/runs/LMAC3-vc7-9-2015-4.srcs/sources_1/ip/x2c_data_fifo_ip_1024x256/sim/x2c_data_fifo_ip_1024x256.vhd" into library xil_defaultlib
INFO: [VRFC 10-307] analyzing entity x2c_data_fifo_ip_1024x256
INFO: [VRFC 10-163] Analyzing VHDL file "C:/SUNNY2/LMAC3-vc709-2015-4/hardware/vivado/runs/LMAC3-vc7-9-2015-4.srcs/sources_1/ip/x2c_ctrl_fifo_ip_1024x32/sim/x2c_ctrl_fifo_ip_1024x32.vhd" into library xil_defaultlib
INFO: [VRFC 10-307] analyzing entity x2c_ctrl_fifo_ip_1024x32
INFO: [VRFC 10-163] Analyzing VHDL file "C:/SUNNY2/LMAC3-vc709-2015-4/hardware/vivado/runs/LMAC3-vc7-9-2015-4.srcs/sources_1/ip/x2c_bcnt_fifo_ip_256x32/sim/x2c_bcnt_fifo_ip_256x32.vhd" into library xil_defaultlib
INFO: [VRFC 10-307] analyzing entity x2c_bcnt_fifo_ip_256x32
INFO: [VRFC 10-163] Analyzing VHDL file "C:/SUNNY2/LMAC3-vc709-2015-4/hardware/vivado/runs/LMAC3-vc7-9-2015-4.srcs/sources_1/ip/txfifo_ip_1024x256/sim/txfifo_ip_1024x256.vhd" into library xil_defaultlib
INFO: [VRFC 10-307] analyzing entity txfifo_ip_1024x256
INFO: [VRFC 10-163] Analyzing VHDL file "C:/SUNNY2/LMAC3-vc709-2015-4/hardware/vivado/runs/LMAC3-vc7-9-2015-4.srcs/sources_1/ip/pktctrl_fifo_ip_4kx32/sim/pktctrl_fifo_ip_4kx32.vhd" into library xil_defaultlib
INFO: [VRFC 10-307] analyzing entity pktctrl_fifo_ip_4kx32
INFO: [VRFC 10-163] Analyzing VHDL file "C:/SUNNY2/LMAC3-vc709-2015-4/hardware/vivado/runs/LMAC3-vc7-9-2015-4.srcs/sources_1/ip/ipcs_fifo_ip_512x64/sim/ipcs_fifo_ip_512x64.vhd" into library xil_defaultlib
INFO: [VRFC 10-307] analyzing entity ipcs_fifo_ip_512x64
INFO: [VRFC 10-163] Analyzing VHDL file "C:/SUNNY2/LMAC3-vc709-2015-4/hardware/vivado/runs/LMAC3-vc7-9-2015-4.srcs/sources_1/ip/fmac_rxfifo_ip_4Kx256/sim/fmac_rxfifo_ip_4Kx256.vhd" into library xil_defaultlib
INFO: [VRFC 10-307] analyzing entity fmac_rxfifo_ip_4Kx256
INFO: [VRFC 10-163] Analyzing VHDL file "C:/SUNNY2/LMAC3-vc709-2015-4/hardware/vivado/runs/LMAC3-vc7-9-2015-4.srcs/sources_1/ip/br_pre_data_fifo_ip_1024x256/sim/br_pre_data_fifo_ip_1024x256.vhd" into library xil_defaultlib
INFO: [VRFC 10-307] analyzing entity br_pre_data_fifo_ip_1024x256
INFO: [VRFC 10-163] Analyzing VHDL file "C:/SUNNY2/LMAC3-vc709-2015-4/hardware/vivado/runs/LMAC3-vc7-9-2015-4.srcs/sources_1/ip/br_pre_ctrl_fifo_ip_1024x40/sim/br_pre_ctrl_fifo_ip_1024x40.vhd" into library xil_defaultlib
INFO: [VRFC 10-307] analyzing entity br_pre_ctrl_fifo_ip_1024x40
