Vivado Simulator 2015.4
Copyright 1986-1999, 2001-2015 Xilinx, Inc. All Rights Reserved.
Running: C:/Xilinx/Vivado/2015.4/bin/unwrapped/win64.o/xelab.exe -wto 473c1d551ac642859131150f7cf23711 --debug typical --relax --mt 2 -d USE_PIPE_SIM=1 -d SIMULATION=1 -d USE_DDR3_FIFO=1 -d USE_XPHY=1 -d NW_PATH_ENABLE=1 -d x4Gb=1 -d sg107E=1 -d x8=1 -L xil_defaultlib -L fifo_generator_v13_0_1 -L ten_gig_eth_pcs_pma_v6_0_3 -L unisims_ver -L unimacro_ver -L secureip --snapshot board_behav xil_defaultlib.board xil_defaultlib.glbl -log elaborate.log 
Using 2 slave threads.
Starting static elaboration
Completed static elaboration
Starting simulation data flow analysis
Completed simulation data flow analysis
Time Resolution for simulation is 1ps
Compiling package std.standard
Compiling package ieee.std_logic_1164
Compiling package ieee.numeric_std
Compiling package synopsys.attributes
Compiling package ieee.std_logic_misc
Compiling package ieee.std_logic_arith
Compiling package ieee.std_logic_unsigned
Compiling module unisims_ver.IBUF
Compiling module unisims_ver.IBUFDS(CAPACITANCE="DONT_CARE",D...
Compiling module unisims_ver.IBUFGDS(DIFF_TERM="TRUE",IBUF_LO...
Compiling module unisims_ver.BUFG
Compiling module xil_defaultlib.synchronizer_simple
Compiling module xil_defaultlib.LPBK_MODULE
Compiling architecture behavioral of entity fifo_generator_v13_0_1.fifo_generator_v13_0_1_bhv_ss [\fifo_generator_v13_0_1_bhv_ss("...]
Compiling architecture behavioral of entity fifo_generator_v13_0_1.fifo_generator_v13_0_1_conv [\fifo_generator_v13_0_1_conv(1,0...]
Compiling architecture behavioral of entity fifo_generator_v13_0_1.fifo_generator_vhdl_beh [\fifo_generator_vhdl_beh(1,0,10,...]
Compiling architecture xilinx of entity fifo_generator_v13_0_1.fifo_generator_v13_0_1 [\fifo_generator_v13_0_1(1,0,10,"...]
Compiling architecture txfifo_ip_1024x256_arch of entity xil_defaultlib.txfifo_ip_1024x256 [txfifo_ip_1024x256_default]
Compiling module xil_defaultlib.txfifo_1024x256
Compiling module xil_defaultlib.tx_encap_100G
Compiling module xil_defaultlib.CRC32_D256
Compiling module xil_defaultlib.CRC32_D248
Compiling module xil_defaultlib.CRC32_D240
Compiling module xil_defaultlib.CRC32_D232
Compiling module xil_defaultlib.CRC32_D224
Compiling module xil_defaultlib.CRC32_D216
Compiling module xil_defaultlib.CRC32_D208
Compiling module xil_defaultlib.CRC32_D200
Compiling module xil_defaultlib.CRC32_D192
Compiling module xil_defaultlib.CRC32_D184
Compiling module xil_defaultlib.CRC32_D176
Compiling module xil_defaultlib.CRC32_D168
Compiling module xil_defaultlib.CRC32_D160
Compiling module xil_defaultlib.CRC32_D152
Compiling module xil_defaultlib.CRC32_D144
Compiling module xil_defaultlib.CRC32_D136
Compiling module xil_defaultlib.CRC32_D128
Compiling module xil_defaultlib.CRC32_D120
Compiling module xil_defaultlib.CRC32_D112
Compiling module xil_defaultlib.CRC32_D104
Compiling module xil_defaultlib.CRC32_D96
Compiling module xil_defaultlib.CRC32_D88
Compiling module xil_defaultlib.CRC32_D80
Compiling module xil_defaultlib.CRC32_D72
Compiling module xil_defaultlib.CRC32_D64
Compiling module xil_defaultlib.CRC32_D56
Compiling module xil_defaultlib.CRC32_D48
Compiling module xil_defaultlib.CRC32_D40
Compiling module xil_defaultlib.CRC32_D32
Compiling module xil_defaultlib.CRC32_D24
Compiling module xil_defaultlib.CRC32_D16
Compiling module xil_defaultlib.CRC32_D8
Compiling module xil_defaultlib.eth_crc32_gen
Compiling module xil_defaultlib.tx_cgmii
Compiling module xil_defaultlib.tx_100G_wrap
Compiling module xil_defaultlib.tx_encap_10G
Compiling module xil_defaultlib.tx_mac10g_crc32x64
Compiling module xil_defaultlib.tx_xgmii
Compiling module xil_defaultlib.tx_10G_wrap
Compiling module xil_defaultlib.tcore_rx_cgmii(RX_DRAM_DEPTH=307...
Compiling architecture behavioral of entity fifo_generator_v13_0_1.fifo_generator_v13_0_1_bhv_ss [\fifo_generator_v13_0_1_bhv_ss("...]
Compiling architecture behavioral of entity fifo_generator_v13_0_1.fifo_generator_v13_0_1_conv [\fifo_generator_v13_0_1_conv(1,0...]
Compiling architecture behavioral of entity fifo_generator_v13_0_1.fifo_generator_vhdl_beh [\fifo_generator_vhdl_beh(1,0,12,...]
Compiling architecture xilinx of entity fifo_generator_v13_0_1.fifo_generator_v13_0_1 [\fifo_generator_v13_0_1(1,0,12,"...]
Compiling architecture fmac_rxfifo_ip_4kx256_arch of entity xil_defaultlib.fmac_rxfifo_ip_4Kx256 [fmac_rxfifo_ip_4kx256_default]
Compiling module xil_defaultlib.fmac_rx_fifo4Kx256
Compiling architecture behavioral of entity fifo_generator_v13_0_1.fifo_generator_v13_0_1_bhv_ss [\fifo_generator_v13_0_1_bhv_ss("...]
Compiling architecture behavioral of entity fifo_generator_v13_0_1.fifo_generator_v13_0_1_conv [\fifo_generator_v13_0_1_conv(1,0...]
Compiling architecture behavioral of entity fifo_generator_v13_0_1.fifo_generator_vhdl_beh [\fifo_generator_vhdl_beh(1,0,12,...]
Compiling architecture xilinx of entity fifo_generator_v13_0_1.fifo_generator_v13_0_1 [\fifo_generator_v13_0_1(1,0,12,"...]
Compiling architecture pktctrl_fifo_ip_4kx32_arch of entity xil_defaultlib.pktctrl_fifo_ip_4kx32 [pktctrl_fifo_ip_4kx32_default]
Compiling module xil_defaultlib.fmac_fifo4Kx32
Compiling module xil_defaultlib.rx_decap(FMAC_ID=10,RX_FIFO_DEPT...
Compiling architecture behavioral of entity fifo_generator_v13_0_1.fifo_generator_v13_0_1_bhv_ss [\fifo_generator_v13_0_1_bhv_ss("...]
Compiling architecture behavioral of entity fifo_generator_v13_0_1.fifo_generator_v13_0_1_conv [\fifo_generator_v13_0_1_conv(1,0...]
Compiling architecture behavioral of entity fifo_generator_v13_0_1.fifo_generator_vhdl_beh [\fifo_generator_vhdl_beh(1,0,9,"...]
Compiling architecture xilinx of entity fifo_generator_v13_0_1.fifo_generator_v13_0_1 [\fifo_generator_v13_0_1(1,0,9,"B...]
Compiling architecture ipcs_fifo_ip_512x64_arch of entity xil_defaultlib.ipcs_fifo_ip_512x64 [ipcs_fifo_ip_512x64_default]
Compiling module xil_defaultlib.fmac_ipcs_fifo512x64
Compiling module xil_defaultlib.tcore_fmac_core
Compiling architecture behavioral of entity fifo_generator_v13_0_1.fifo_generator_v13_0_1_bhv_ss [\fifo_generator_v13_0_1_bhv_ss("...]
Compiling architecture behavioral of entity fifo_generator_v13_0_1.fifo_generator_v13_0_1_conv [\fifo_generator_v13_0_1_conv(1,0...]
Compiling architecture behavioral of entity fifo_generator_v13_0_1.fifo_generator_vhdl_beh [\fifo_generator_vhdl_beh(1,0,4,"...]
Compiling architecture xilinx of entity fifo_generator_v13_0_1.fifo_generator_v13_0_1 [\fifo_generator_v13_0_1(1,0,4,"B...]
Compiling architecture br_sfifo_ip_4x32_arch of entity xil_defaultlib.br_sfifo_ip_4x32 [br_sfifo_ip_4x32_default]
Compiling module xil_defaultlib.br_sfifo4x32
Compiling module xil_defaultlib.tcore_byte_reordering
Compiling architecture br_pre_data_fifo_ip_1024x256_arch of entity xil_defaultlib.br_pre_data_fifo_ip_1024x256 [br_pre_data_fifo_ip_1024x256_def...]
Compiling module xil_defaultlib.br_pre_data_fifo1024x256
Compiling architecture behavioral of entity fifo_generator_v13_0_1.fifo_generator_v13_0_1_bhv_ss [\fifo_generator_v13_0_1_bhv_ss("...]
Compiling architecture behavioral of entity fifo_generator_v13_0_1.fifo_generator_v13_0_1_conv [\fifo_generator_v13_0_1_conv(1,0...]
Compiling architecture behavioral of entity fifo_generator_v13_0_1.fifo_generator_vhdl_beh [\fifo_generator_vhdl_beh(1,0,10,...]
Compiling architecture xilinx of entity fifo_generator_v13_0_1.fifo_generator_v13_0_1 [\fifo_generator_v13_0_1(1,0,10,"...]
Compiling architecture br_pre_ctrl_fifo_ip_1024x40_arch of entity xil_defaultlib.br_pre_ctrl_fifo_ip_1024x40 [br_pre_ctrl_fifo_ip_1024x40_defa...]
Compiling module xil_defaultlib.br_pre_ctrl_fifo1024x40
Compiling module xil_defaultlib.byte_reordering_wrap
Compiling module xil_defaultlib.rx_100G
Compiling module xil_defaultlib.s2p10
Compiling module xil_defaultlib.rx_50G
Compiling architecture behavioral of entity fifo_generator_v13_0_1.fifo_generator_v13_0_1_bhv_ss [\fifo_generator_v13_0_1_bhv_ss("...]
Compiling architecture behavioral of entity fifo_generator_v13_0_1.fifo_generator_v13_0_1_conv [\fifo_generator_v13_0_1_conv(1,0...]
Compiling architecture behavioral of entity fifo_generator_v13_0_1.fifo_generator_vhdl_beh [\fifo_generator_vhdl_beh(1,0,8,"...]
Compiling architecture xilinx of entity fifo_generator_v13_0_1.fifo_generator_v13_0_1 [\fifo_generator_v13_0_1(1,0,8,"B...]
Compiling architecture x2c_bcnt_fifo_ip_256x32_arch of entity xil_defaultlib.x2c_bcnt_fifo_ip_256x32 [x2c_bcnt_fifo_ip_256x32_default]
Compiling module xil_defaultlib.x2c_bcnt_fifo256x32
Compiling architecture x2c_data_fifo_ip_1024x256_arch of entity xil_defaultlib.x2c_data_fifo_ip_1024x256 [x2c_data_fifo_ip_1024x256_defaul...]
Compiling module xil_defaultlib.x2c_data_fifo1024x256
Compiling architecture behavioral of entity fifo_generator_v13_0_1.fifo_generator_v13_0_1_bhv_ss [\fifo_generator_v13_0_1_bhv_ss("...]
Compiling architecture behavioral of entity fifo_generator_v13_0_1.fifo_generator_v13_0_1_conv [\fifo_generator_v13_0_1_conv(1,0...]
Compiling architecture behavioral of entity fifo_generator_v13_0_1.fifo_generator_vhdl_beh [\fifo_generator_vhdl_beh(1,0,10,...]
Compiling architecture xilinx of entity fifo_generator_v13_0_1.fifo_generator_v13_0_1 [\fifo_generator_v13_0_1(1,0,10,"...]
Compiling architecture x2c_ctrl_fifo_ip_1024x32_arch of entity xil_defaultlib.x2c_ctrl_fifo_ip_1024x32 [x2c_ctrl_fifo_ip_1024x32_default]
Compiling module xil_defaultlib.x2c_ctrl_fifo1024x32
Compiling module xil_defaultlib.x2c_ctrl
Compiling module xil_defaultlib.fmac_register_if
Compiling module xil_defaultlib.LMAC_CORE_TOP
Compiling module xil_defaultlib.LMAC_TOP_SYNTH
Compiling secureip modules ...
Compiling module unisims_ver.GTHE2_COMMON(BIAS_CFG=64'b010000...
Compiling module ten_gig_eth_pcs_pma_v6_0_3.ten_gig_eth_pcs_pma_ip_shared_lo...
Compiling module unisims_ver.IBUFDS_GTE2
Compiling module ten_gig_eth_pcs_pma_v6_0_3.ten_gig_eth_pcs_pma_ip_shared_lo...
Compiling module ten_gig_eth_pcs_pma_v6_0_3.ten_gig_eth_pcs_pma_ip_shared_lo...
Compiling module ten_gig_eth_pcs_pma_v6_0_3.ten_gig_eth_pcs_pma_ip_shared_lo...
Compiling module unisims_ver.x_lut1_mux2
Compiling module unisims_ver.LUT1
Compiling module unisims_ver.latchsre_ldce
Compiling module unisims_ver.LDCE
Compiling module ten_gig_eth_pcs_pma_v6_0_3.ten_gig_eth_pcs_pma_ip_shared_lo...
Compiling module unisims_ver.BUFH
Compiling module ten_gig_eth_pcs_pma_v6_0_3.ten_gig_eth_pcs_pma_ip_shared_lo...
Compiling module ten_gig_eth_pcs_pma_v6_0_3.ten_gig_eth_pcs_pma_ip_shared_lo...
Compiling module ten_gig_eth_pcs_pma_v6_0_3.ten_gig_eth_pcs_pma_ip_shared_lo...
Compiling module ten_gig_eth_pcs_pma_v6_0_3.ten_gig_eth_pcs_pma_v6_0_3_synch...
Compiling module ten_gig_eth_pcs_pma_v6_0_3.ten_gig_eth_pcs_pma_v6_0_3_rxrat...
Compiling module ten_gig_eth_pcs_pma_v6_0_3.ten_gig_eth_pcs_pma_v6_0_3_dp_ra...
Compiling module unisims_ver.MUXCY
Compiling module unisims_ver.MUXCY_L
Compiling module ten_gig_eth_pcs_pma_v6_0_3.ten_gig_eth_pcs_pma_v6_0_3_async...
Compiling module ten_gig_eth_pcs_pma_v6_0_3.ten_gig_eth_pcs_pma_v6_0_3_txrat...
Compiling module ten_gig_eth_pcs_pma_v6_0_3.ten_gig_eth_pcs_pma_v6_0_3_synch...
Compiling module ten_gig_eth_pcs_pma_v6_0_3.ten_gig_eth_pcs_pma_v6_0_3_coher...
Compiling module ten_gig_eth_pcs_pma_v6_0_3.ten_gig_eth_pcs_pma_v6_0_3_tx_en...
Compiling module ten_gig_eth_pcs_pma_v6_0_3.ten_gig_eth_pcs_pma_v6_0_3_tx_pc...
Compiling module ten_gig_eth_pcs_pma_v6_0_3.ten_gig_eth_pcs_pma_v6_0_3_pcs_s...
Compiling module ten_gig_eth_pcs_pma_v6_0_3.ten_gig_eth_pcs_pma_v6_0_3_tx_pc...
Compiling module ten_gig_eth_pcs_pma_v6_0_3.ten_gig_eth_pcs_pma_v6_0_3_rx_bl...
Compiling module ten_gig_eth_pcs_pma_v6_0_3.ten_gig_eth_pcs_pma_v6_0_3_rx_be...
Compiling module ten_gig_eth_pcs_pma_v6_0_3.ten_gig_eth_pcs_pma_v6_0_3_pcs_d...
Compiling module ten_gig_eth_pcs_pma_v6_0_3.ten_gig_eth_pcs_pma_v6_0_3_rx_pc...
Compiling module ten_gig_eth_pcs_pma_v6_0_3.ten_gig_eth_pcs_pma_v6_0_3_rx_de...
Compiling module ten_gig_eth_pcs_pma_v6_0_3.ten_gig_eth_pcs_pma_v6_0_3_rx_pc...
Compiling module ten_gig_eth_pcs_pma_v6_0_3.ten_gig_eth_pcs_pma_v6_0_3_rx_pc...
Compiling module ten_gig_eth_pcs_pma_v6_0_3.ten_gig_eth_pcs_pma_v6_0_3_pcs_t...
Compiling module ten_gig_eth_pcs_pma_v6_0_3.ten_gig_eth_pcs_pma_v6_0_3_idle_...
Compiling module ten_gig_eth_pcs_pma_v6_0_3.ten_gig_eth_pcs_pma_v6_0_3_seq_d...
Compiling module ten_gig_eth_pcs_pma_v6_0_3.ten_gig_eth_pcs_pma_v6_0_3_idle_...
Compiling module ten_gig_eth_pcs_pma_v6_0_3.ten_gig_eth_pcs_pma_v6_0_3_dp_ra...
Compiling module ten_gig_eth_pcs_pma_v6_0_3.ten_gig_eth_pcs_pma_v6_0_3_async...
Compiling module ten_gig_eth_pcs_pma_v6_0_3.ten_gig_eth_pcs_pma_v6_0_3_idle_...
Compiling module ten_gig_eth_pcs_pma_v6_0_3.ten_gig_eth_pcs_pma_v6_0_3_elast...
Compiling module ten_gig_eth_pcs_pma_v6_0_3.ten_gig_eth_pcs_pma_v6_0_3_elast...
Compiling module ten_gig_eth_pcs_pma_v6_0_3.ten_gig_eth_pcs_pma_v6_0_3_ieee_...
Compiling module ten_gig_eth_pcs_pma_v6_0_3.ten_gig_eth_pcs_pma_v6_0_3_g_reg...
Compiling module ten_gig_eth_pcs_pma_v6_0_3.ten_gig_eth_pcs_pma_v6_0_3_g_reg...
Compiling module ten_gig_eth_pcs_pma_v6_0_3.ten_gig_eth_pcs_pma_v6_0_3_g_reg...
Compiling module ten_gig_eth_pcs_pma_v6_0_3.ten_gig_eth_pcs_pma_v6_0_3_g_reg...
Compiling module ten_gig_eth_pcs_pma_v6_0_3.ten_gig_eth_pcs_pma_v6_0_3_g_reg...
Compiling module ten_gig_eth_pcs_pma_v6_0_3.ten_gig_eth_pcs_pma_v6_0_3_g_reg...
Compiling module ten_gig_eth_pcs_pma_v6_0_3.ten_gig_eth_pcs_pma_v6_0_3_g_reg...
Compiling module ten_gig_eth_pcs_pma_v6_0_3.ten_gig_eth_pcs_pma_v6_0_3_g_reg...
Compiling module ten_gig_eth_pcs_pma_v6_0_3.ten_gig_eth_pcs_pma_v6_0_3_g_reg...
Compiling module ten_gig_eth_pcs_pma_v6_0_3.ten_gig_eth_pcs_pma_v6_0_3_g_reg...
Compiling module ten_gig_eth_pcs_pma_v6_0_3.ten_gig_eth_pcs_pma_v6_0_3_g_reg...
Compiling module ten_gig_eth_pcs_pma_v6_0_3.ten_gig_eth_pcs_pma_v6_0_3_g_reg...
Compiling module ten_gig_eth_pcs_pma_v6_0_3.ten_gig_eth_pcs_pma_v6_0_3_commo...
Compiling module ten_gig_eth_pcs_pma_v6_0_3.ten_gig_eth_pcs_pma_v6_0_3_ieee_...
Compiling module ten_gig_eth_pcs_pma_v6_0_3.ten_gig_eth_pcs_pma_v6_0_3_toggl...
Compiling module ten_gig_eth_pcs_pma_v6_0_3.ten_gig_eth_pcs_pma_v6_0_3_toggl...
Compiling module ten_gig_eth_pcs_pma_v6_0_3.ten_gig_eth_pcs_pma_v6_0_3_drp_i...
Compiling module ten_gig_eth_pcs_pma_v6_0_3.ten_gig_eth_pcs_pma_v6_0_3_mdio_...
Compiling module ten_gig_eth_pcs_pma_v6_0_3.ten_gig_eth_pcs_pma_v6_0_3_ipif_...
Compiling module ten_gig_eth_pcs_pma_v6_0_3.ten_gig_eth_pcs_pma_v6_0_3_manag...
Compiling module ten_gig_eth_pcs_pma_v6_0_3.ten_gig_eth_pcs_pma_v6_0_3_manag...
Compiling module ten_gig_eth_pcs_pma_v6_0_3.ten_gig_eth_pcs_pma_v6_0_3_g_res...
Compiling module ten_gig_eth_pcs_pma_v6_0_3.ten_gig_eth_pcs_pma_v6_0_3_coher...
Compiling module ten_gig_eth_pcs_pma_v6_0_3.ten_gig_eth_pcs_pma_v6_0_3_g_res...
Compiling module ten_gig_eth_pcs_pma_v6_0_3.ten_gig_eth_pcs_pma_v6_0_3_g_res...
Compiling module ten_gig_eth_pcs_pma_v6_0_3.ten_gig_eth_pcs_pma_v6_0_3_pulse...
Compiling module ten_gig_eth_pcs_pma_v6_0_3.ten_gig_eth_pcs_pma_v6_0_3_rxusr...
Compiling module ten_gig_eth_pcs_pma_v6_0_3.ten_gig_eth_pcs_pma_v6_0_3_baser...
Compiling module ten_gig_eth_pcs_pma_v6_0_3.ten_gig_eth_pcs_pma_v6_0_3_baser...
Compiling module ten_gig_eth_pcs_pma_v6_0_3.ten_gig_eth_pcs_pma_v6_0_3_wrapp...
Compiling module ten_gig_eth_pcs_pma_v6_0_3.ten_gig_eth_pcs_pma_v6_0_3(C_HAS...
Compiling module ten_gig_eth_pcs_pma_v6_0_3.ten_gig_eth_pcs_pma_ip_shared_lo...
Compiling secureip modules ...
Compiling module unisims_ver.GTHE2_CHANNEL(ALIGN_MCOMMA_DET="...
Compiling module ten_gig_eth_pcs_pma_v6_0_3.ten_gig_eth_pcs_pma_ip_shared_lo...
Compiling module ten_gig_eth_pcs_pma_v6_0_3.ten_gig_eth_pcs_pma_ip_shared_lo...
Compiling module ten_gig_eth_pcs_pma_v6_0_3.ten_gig_eth_pcs_pma_ip_shared_lo...
Compiling module ten_gig_eth_pcs_pma_v6_0_3.ten_gig_eth_pcs_pma_ip_shared_lo...
Compiling module xil_defaultlib.ten_gig_eth_pcs_pma_ip_shared_lo...
Compiling module xil_defaultlib.network_path_shared(AXIS_TDATA_W...
Compiling module xil_defaultlib.LMAC3_vc709_2015_4_default
Compiling module xil_defaultlib.board
Compiling module xil_defaultlib.glbl
Waiting for 8 sub-compilation(s) to finish...
Built simulation snapshot board_behav
