INFO: [VRFC 10-163] Analyzing VHDL file "C:/SUNNY2/LMAC3-vc709-2015-4/hardware/vivado/runs/LMAC3-vc7-9-2015-4.ip_user_files/ipstatic/fifo_generator_v13_0_1/simulation/fifo_generator_vhdl_beh.vhd" into library fifo_generator_v13_0_1
INFO: [VRFC 10-307] analyzing entity fifo_generator_v13_0_1_bhv_as
INFO: [VRFC 10-307] analyzing entity fifo_generator_v13_0_1_bhv_ss
INFO: [VRFC 10-307] analyzing entity fifo_generator_v13_0_1_bhv_preload0
INFO: [VRFC 10-307] analyzing entity fifo_generator_v13_0_1_conv
INFO: [VRFC 10-307] analyzing entity fifo_generator_v13_0_1_axic_reg_slice
INFO: [VRFC 10-307] analyzing entity fifo_generator_vhdl_beh
INFO: [VRFC 10-163] Analyzing VHDL file "C:/SUNNY2/LMAC3-vc709-2015-4/hardware/vivado/runs/LMAC3-vc7-9-2015-4.ip_user_files/ipstatic/fifo_generator_v13_0_1/hdl/fifo_generator_v13_0_rfs.vhd" into library fifo_generator_v13_0_1
INFO: [VRFC 10-307] analyzing entity input_blk
INFO: [VRFC 10-307] analyzing entity output_blk
INFO: [VRFC 10-307] analyzing entity shft_wrapper
INFO: [VRFC 10-307] analyzing entity shft_ram
INFO: [VRFC 10-307] analyzing entity wr_pf_as
INFO: [VRFC 10-307] analyzing entity wr_pf_ss
INFO: [VRFC 10-307] analyzing entity rd_pe_as
INFO: [VRFC 10-307] analyzing entity rd_pe_ss
INFO: [VRFC 10-307] analyzing entity synchronizer_ff
INFO: [VRFC 10-307] analyzing entity delay
INFO: [VRFC 10-307] analyzing entity bin_cntr
INFO: [VRFC 10-307] analyzing entity clk_x_pntrs_builtin
INFO: [VRFC 10-307] analyzing entity logic_builtin
INFO: [VRFC 10-307] analyzing entity builtin_prim
INFO: [VRFC 10-307] analyzing entity builtin_extdepth
INFO: [VRFC 10-307] analyzing entity builtin_top
INFO: [VRFC 10-307] analyzing entity reset_builtin
INFO: [VRFC 10-307] analyzing entity builtin_prim_v6
INFO: [VRFC 10-307] analyzing entity builtin_extdepth_v6
INFO: [VRFC 10-307] analyzing entity builtin_extdepth_low_latency
INFO: [VRFC 10-307] analyzing entity builtin_top_v6
INFO: [VRFC 10-307] analyzing entity fifo_generator_v13_0_1_builtin
INFO: [VRFC 10-307] analyzing entity bram_sync_reg
INFO: [VRFC 10-307] analyzing entity bram_fifo_rstlogic
INFO: [VRFC 10-307] analyzing entity reset_blk_ramfifo
INFO: [VRFC 10-307] analyzing entity axi_reg_slice
INFO: [VRFC 10-307] analyzing entity fifo_generator_top
INFO: [VRFC 10-307] analyzing entity fifo_generator_v13_0_1_synth
INFO: [VRFC 10-307] analyzing entity fifo_generator_v13_0_1
INFO: [VRFC 10-163] Analyzing VHDL file "C:/SUNNY2/LMAC3-vc709-2015-4/hardware/vivado/runs/LMAC3-vc7-9-2015-4.srcs/sources_1/ip/br_sfifo_ip_4x32/sim/br_sfifo_ip_4x32.vhd" into library xil_defaultlib
INFO: [VRFC 10-307] analyzing entity br_sfifo_ip_4x32
INFO: [VRFC 10-163] Analyzing VHDL file "C:/SUNNY2/LMAC3-vc709-2015-4/hardware/vivado/runs/LMAC3-vc7-9-2015-4.srcs/sources_1/ip/x2c_data_fifo_ip_1024x256/sim/x2c_data_fifo_ip_1024x256.vhd" into library xil_defaultlib
INFO: [VRFC 10-307] analyzing entity x2c_data_fifo_ip_1024x256
INFO: [VRFC 10-163] Analyzing VHDL file "C:/SUNNY2/LMAC3-vc709-2015-4/hardware/vivado/runs/LMAC3-vc7-9-2015-4.srcs/sources_1/ip/x2c_ctrl_fifo_ip_1024x32/sim/x2c_ctrl_fifo_ip_1024x32.vhd" into library xil_defaultlib
INFO: [VRFC 10-307] analyzing entity x2c_ctrl_fifo_ip_1024x32
INFO: [VRFC 10-163] Analyzing VHDL file "C:/SUNNY2/LMAC3-vc709-2015-4/hardware/vivado/runs/LMAC3-vc7-9-2015-4.srcs/sources_1/ip/x2c_bcnt_fifo_ip_256x32/sim/x2c_bcnt_fifo_ip_256x32.vhd" into library xil_defaultlib
INFO: [VRFC 10-307] analyzing entity x2c_bcnt_fifo_ip_256x32
INFO: [VRFC 10-163] Analyzing VHDL file "C:/SUNNY2/LMAC3-vc709-2015-4/hardware/vivado/runs/LMAC3-vc7-9-2015-4.srcs/sources_1/ip/txfifo_ip_1024x256/sim/txfifo_ip_1024x256.vhd" into library xil_defaultlib
INFO: [VRFC 10-307] analyzing entity txfifo_ip_1024x256
INFO: [VRFC 10-163] Analyzing VHDL file "C:/SUNNY2/LMAC3-vc709-2015-4/hardware/vivado/runs/LMAC3-vc7-9-2015-4.srcs/sources_1/ip/pktctrl_fifo_ip_4kx32/sim/pktctrl_fifo_ip_4kx32.vhd" into library xil_defaultlib
INFO: [VRFC 10-307] analyzing entity pktctrl_fifo_ip_4kx32
INFO: [VRFC 10-163] Analyzing VHDL file "C:/SUNNY2/LMAC3-vc709-2015-4/hardware/vivado/runs/LMAC3-vc7-9-2015-4.srcs/sources_1/ip/ipcs_fifo_ip_512x64/sim/ipcs_fifo_ip_512x64.vhd" into library xil_defaultlib
INFO: [VRFC 10-307] analyzing entity ipcs_fifo_ip_512x64
INFO: [VRFC 10-163] Analyzing VHDL file "C:/SUNNY2/LMAC3-vc709-2015-4/hardware/vivado/runs/LMAC3-vc7-9-2015-4.srcs/sources_1/ip/fmac_rxfifo_ip_4Kx256/sim/fmac_rxfifo_ip_4Kx256.vhd" into library xil_defaultlib
INFO: [VRFC 10-307] analyzing entity fmac_rxfifo_ip_4Kx256
INFO: [VRFC 10-163] Analyzing VHDL file "C:/SUNNY2/LMAC3-vc709-2015-4/hardware/vivado/runs/LMAC3-vc7-9-2015-4.srcs/sources_1/ip/br_pre_data_fifo_ip_1024x256/sim/br_pre_data_fifo_ip_1024x256.vhd" into library xil_defaultlib
INFO: [VRFC 10-307] analyzing entity br_pre_data_fifo_ip_1024x256
INFO: [VRFC 10-163] Analyzing VHDL file "C:/SUNNY2/LMAC3-vc709-2015-4/hardware/vivado/runs/LMAC3-vc7-9-2015-4.srcs/sources_1/ip/br_pre_ctrl_fifo_ip_1024x40/sim/br_pre_ctrl_fifo_ip_1024x40.vhd" into library xil_defaultlib
INFO: [VRFC 10-307] analyzing entity br_pre_ctrl_fifo_ip_1024x40
