Vivado Simulator 2015.4
Copyright 1986-1999, 2001-2015 Xilinx, Inc. All Rights Reserved.
Running: C:/Xilinx/Vivado/2015.4/bin/unwrapped/win64.o/xelab.exe -wto 473c1d551ac642859131150f7cf23711 --debug typical --relax --mt 2 -d USE_PIPE_SIM=1 -d SIMULATION=1 -d USE_DDR3_FIFO=1 -d USE_XPHY=1 -d NW_PATH_ENABLE=1 -d x4Gb=1 -d sg107E=1 -d x8=1 -L xil_defaultlib -L unisims_ver -L secureip --snapshot board_func_synth xil_defaultlib.board xil_defaultlib.glbl -log elaborate.log 
Using 2 slave threads.
Starting static elaboration
Completed static elaboration
Starting simulation data flow analysis
Completed simulation data flow analysis
Time Resolution for simulation is 1ps
Compiling module unisims_ver.PULLUP
Compiling module unisims_ver.BUFG
Compiling module unisims_ver.sffsrce_fdre
Compiling module unisims_ver.FDRE
Compiling module unisims_ver.LUT6_2(INIT=64'b1100110000110011...
Compiling module unisims_ver.LUT6
Compiling module unisims_ver.CARRY4
Compiling module unisims_ver.LUT6_2(INIT=64'b1111111100000000...
Compiling module unisims_ver.LUT6_2(INIT=64'b0111100101000000...
Compiling module unisims_ver.LUT6_2(INIT=64'b0111011100001000...
Compiling module unisims_ver.LUT6_2(INIT=64'b1101000000000000...
Compiling module unisims_ver.LUT6_2(INIT=64'b0110011001100111...
Compiling module unisims_ver.LUT6_2(INIT=64'b0110100101101001...
Compiling module unisims_ver.sffsrce_fdse
Compiling module unisims_ver.FDSE
Compiling module unisims_ver.RAM64M
Compiling module unisims_ver.LUT4
Compiling module unisims_ver.LUT6_2(INIT=64'b0100000000000000...
Compiling module unisims_ver.LUT6_2(INIT=64'b0100001110111100...
Compiling module unisims_ver.RAM32M
Compiling module unisims_ver.LUT6_2(INIT=64'b01)
Compiling module unisims_ver.LUT6_2(INIT=64'b0110100000000000...
Compiling module unisims_ver.LUT6_2(INIT=64'b0111011101110111...
Compiling module unisims_ver.LUT6_2(INIT=64'b0111100000000000...
Compiling module unisims_ver.LUT6_2(INIT=64'b1111111111111111...
Compiling module unisims_ver.LUT6_2(INIT=64'b0100000000000000...
Compiling module unisims_ver.LUT6_2(INIT=64'b1100000011001100...
Compiling module unisims_ver.LUT6_2(INIT=64'b0100111111001111...
Compiling module unisims_ver.LUT6_2(INIT=64'b1111111111111111...
Compiling module unisims_ver.x_lut1_mux2
Compiling module unisims_ver.LUT1
Compiling module unisims_ver.LUT6_2(INIT=64'b1000000000000000...
Compiling module unisims_ver.LUT6_2(INIT=64'b0101010010100110...
Compiling module unisims_ver.LUT6_2(INIT=64'b0101010001001010...
Compiling module unisims_ver.LUT6_2(INIT=64'b0100000110000000...
Compiling module unisims_ver.LUT6_2(INIT=64'b1010001010000000...
Compiling module xil_defaultlib.kcpsm6
Compiling module unisims_ver.RB36_INTERNAL_VLOG(DOA_REG=0,DOB...
Compiling module unisims_ver.RAMB36E1(INITP_00=256'b100011101...
Compiling module xil_defaultlib.clock_control_program
Compiling module xil_defaultlib.clock_control
Compiling module unisims_ver.x_lut2_mux4
Compiling module unisims_ver.LUT2
Compiling module unisims_ver.IBUFDS
Compiling module unisims_ver.IBUF
Compiling module unisims_ver.IOBUF
Compiling module unisims_ver.OBUF
Compiling module unisims_ver.GND
Compiling module unisims_ver.VCC
Compiling module unisims_ver.x_lut3_mux4
Compiling module unisims_ver.x_lut3_mux4_reduced_0
Compiling module unisims_ver.LUT3
Compiling module xil_defaultlib.br_pre_ctrl_fifo_ip_1024x40_updn...
Compiling module xil_defaultlib.br_pre_ctrl_fifo_ip_1024x40_dc_s...
Compiling module xil_defaultlib.br_pre_ctrl_fifo_ip_1024x40_comp...
Compiling module xil_defaultlib.br_pre_ctrl_fifo_ip_1024x40_comp...
Compiling module unisims_ver.FDRE(INIT=1'b1)
Compiling module xil_defaultlib.br_pre_ctrl_fifo_ip_1024x40_rd_s...
Compiling module unisims_ver.LUT5
Compiling module xil_defaultlib.br_pre_ctrl_fifo_ip_1024x40_rd_b...
Compiling module xil_defaultlib.br_pre_ctrl_fifo_ip_1024x40_rd_l...
Compiling module xil_defaultlib.br_pre_ctrl_fifo_ip_1024x40_comp...
Compiling module xil_defaultlib.br_pre_ctrl_fifo_ip_1024x40_comp...
Compiling module xil_defaultlib.br_pre_ctrl_fifo_ip_1024x40_wr_s...
Compiling module xil_defaultlib.br_pre_ctrl_fifo_ip_1024x40_wr_b...
Compiling module xil_defaultlib.br_pre_ctrl_fifo_ip_1024x40_wr_l...
Compiling module unisims_ver.RB18_INTERNAL_VLOG(DOA_REG=0,DOB...
Compiling module unisims_ver.RAMB18E1(READ_WIDTH_A=18,READ_WI...
Compiling module xil_defaultlib.br_pre_ctrl_fifo_ip_1024x40_blk_...
Compiling module xil_defaultlib.br_pre_ctrl_fifo_ip_1024x40_blk_...
Compiling module unisims_ver.RB36_INTERNAL_VLOG(DOA_REG=0,DOB...
Compiling module unisims_ver.RAMB36E1(READ_WIDTH_A=36,READ_WI...
Compiling module xil_defaultlib.br_pre_ctrl_fifo_ip_1024x40_blk_...
Compiling module xil_defaultlib.br_pre_ctrl_fifo_ip_1024x40_blk_...
Compiling module xil_defaultlib.br_pre_ctrl_fifo_ip_1024x40_blk_...
Compiling module xil_defaultlib.br_pre_ctrl_fifo_ip_1024x40_blk_...
Compiling module xil_defaultlib.br_pre_ctrl_fifo_ip_1024x40_blk_...
Compiling module xil_defaultlib.br_pre_ctrl_fifo_ip_1024x40_blk_...
Compiling module xil_defaultlib.br_pre_ctrl_fifo_ip_1024x40_memo...
Compiling module xil_defaultlib.br_pre_ctrl_fifo_ip_1024x40_fifo...
Compiling module xil_defaultlib.br_pre_ctrl_fifo_ip_1024x40_fifo...
Compiling module unisims_ver.ffsrce_fdpe
Compiling module unisims_ver.FDPE
Compiling module unisims_ver.FDPE(INIT=1'b0)
Compiling module xil_defaultlib.br_pre_ctrl_fifo_ip_1024x40_rese...
Compiling module xil_defaultlib.br_pre_ctrl_fifo_ip_1024x40_fifo...
Compiling module xil_defaultlib.br_pre_ctrl_fifo_ip_1024x40_fifo...
Compiling module xil_defaultlib.br_pre_ctrl_fifo_ip_1024x40
Compiling module xil_defaultlib.br_pre_ctrl_fifo1024x40
Compiling module xil_defaultlib.br_pre_data_fifo_ip_1024x256_upd...
Compiling module xil_defaultlib.br_pre_data_fifo_ip_1024x256_dc_...
Compiling module xil_defaultlib.br_pre_data_fifo_ip_1024x256_com...
Compiling module xil_defaultlib.br_pre_data_fifo_ip_1024x256_com...
Compiling module xil_defaultlib.br_pre_data_fifo_ip_1024x256_rd_...
Compiling module xil_defaultlib.br_pre_data_fifo_ip_1024x256_rd_...
Compiling module xil_defaultlib.br_pre_data_fifo_ip_1024x256_rd_...
Compiling module xil_defaultlib.br_pre_data_fifo_ip_1024x256_com...
Compiling module xil_defaultlib.br_pre_data_fifo_ip_1024x256_com...
Compiling module xil_defaultlib.br_pre_data_fifo_ip_1024x256_wr_...
Compiling module xil_defaultlib.br_pre_data_fifo_ip_1024x256_wr_...
Compiling module xil_defaultlib.br_pre_data_fifo_ip_1024x256_wr_...
Compiling module xil_defaultlib.br_pre_data_fifo_ip_1024x256_blk...
Compiling module xil_defaultlib.br_pre_data_fifo_ip_1024x256_blk...
Compiling module xil_defaultlib.br_pre_data_fifo_ip_1024x256_blk...
Compiling module xil_defaultlib.br_pre_data_fifo_ip_1024x256_blk...
Compiling module xil_defaultlib.br_pre_data_fifo_ip_1024x256_blk...
Compiling module xil_defaultlib.br_pre_data_fifo_ip_1024x256_blk...
Compiling module xil_defaultlib.br_pre_data_fifo_ip_1024x256_blk...
Compiling module xil_defaultlib.br_pre_data_fifo_ip_1024x256_blk...
Compiling module xil_defaultlib.br_pre_data_fifo_ip_1024x256_blk...
Compiling module xil_defaultlib.br_pre_data_fifo_ip_1024x256_blk...
Compiling module xil_defaultlib.br_pre_data_fifo_ip_1024x256_blk...
Compiling module xil_defaultlib.br_pre_data_fifo_ip_1024x256_blk...
Compiling module xil_defaultlib.br_pre_data_fifo_ip_1024x256_blk...
Compiling module xil_defaultlib.br_pre_data_fifo_ip_1024x256_blk...
Compiling module xil_defaultlib.br_pre_data_fifo_ip_1024x256_blk...
Compiling module xil_defaultlib.br_pre_data_fifo_ip_1024x256_blk...
Compiling module xil_defaultlib.br_pre_data_fifo_ip_1024x256_blk...
Compiling module xil_defaultlib.br_pre_data_fifo_ip_1024x256_blk...
Compiling module xil_defaultlib.br_pre_data_fifo_ip_1024x256_blk...
Compiling module xil_defaultlib.br_pre_data_fifo_ip_1024x256_blk...
Compiling module xil_defaultlib.br_pre_data_fifo_ip_1024x256_mem...
Compiling module xil_defaultlib.br_pre_data_fifo_ip_1024x256_fif...
Compiling module xil_defaultlib.br_pre_data_fifo_ip_1024x256_fif...
Compiling module xil_defaultlib.br_pre_data_fifo_ip_1024x256_res...
Compiling module xil_defaultlib.br_pre_data_fifo_ip_1024x256_fif...
Compiling module xil_defaultlib.br_pre_data_fifo_ip_1024x256_fif...
Compiling module xil_defaultlib.br_pre_data_fifo_ip_1024x256
Compiling module xil_defaultlib.br_pre_data_fifo1024x256
Compiling module unisims_ver.MUXF7
Compiling module xil_defaultlib.br_sfifo_ip_4x32_updn_cntr
Compiling module xil_defaultlib.br_sfifo_ip_4x32_dc_ss
Compiling module xil_defaultlib.br_sfifo_ip_4x32_rd_status_flags...
Compiling module xil_defaultlib.br_sfifo_ip_4x32_rd_bin_cntr
Compiling module xil_defaultlib.br_sfifo_ip_4x32_rd_logic
Compiling module xil_defaultlib.br_sfifo_ip_4x32_wr_status_flags...
Compiling module xil_defaultlib.br_sfifo_ip_4x32_wr_bin_cntr
Compiling module xil_defaultlib.br_sfifo_ip_4x32_wr_logic
Compiling module unisims_ver.RB18_INTERNAL_VLOG(DOA_REG=0,DOB...
Compiling module unisims_ver.RAMB18E1(RAM_MODE="SDP",READ_WID...
Compiling module xil_defaultlib.br_sfifo_ip_4x32_blk_mem_gen_pri...
Compiling module xil_defaultlib.br_sfifo_ip_4x32_blk_mem_gen_pri...
Compiling module xil_defaultlib.br_sfifo_ip_4x32_blk_mem_gen_gen...
Compiling module xil_defaultlib.br_sfifo_ip_4x32_blk_mem_gen_top
Compiling module xil_defaultlib.br_sfifo_ip_4x32_blk_mem_gen_v8_...
Compiling module xil_defaultlib.br_sfifo_ip_4x32_blk_mem_gen_v8_...
Compiling module xil_defaultlib.br_sfifo_ip_4x32_memory
Compiling module xil_defaultlib.br_sfifo_ip_4x32_fifo_generator_...
Compiling module xil_defaultlib.br_sfifo_ip_4x32_fifo_generator_...
Compiling module xil_defaultlib.br_sfifo_ip_4x32_reset_blk_ramfi...
Compiling module xil_defaultlib.br_sfifo_ip_4x32_fifo_generator_...
Compiling module xil_defaultlib.br_sfifo_ip_4x32_fifo_generator_...
Compiling module xil_defaultlib.br_sfifo_ip_4x32
Compiling module xil_defaultlib.br_sfifo4x32
Compiling module xil_defaultlib.tcore_byte_reordering
Compiling module xil_defaultlib.byte_reordering_wrap
Compiling module xil_defaultlib.tcore_rx_cgmii
Compiling module xil_defaultlib.ipcs_fifo_ip_512x64_updn_cntr
Compiling module xil_defaultlib.ipcs_fifo_ip_512x64_dc_ss
Compiling module xil_defaultlib.ipcs_fifo_ip_512x64_compare_1
Compiling module xil_defaultlib.ipcs_fifo_ip_512x64_compare_2
Compiling module xil_defaultlib.ipcs_fifo_ip_512x64_rd_status_fl...
Compiling module xil_defaultlib.ipcs_fifo_ip_512x64_rd_bin_cntr
Compiling module xil_defaultlib.ipcs_fifo_ip_512x64_rd_logic
Compiling module xil_defaultlib.ipcs_fifo_ip_512x64_compare
Compiling module xil_defaultlib.ipcs_fifo_ip_512x64_compare_0
Compiling module xil_defaultlib.ipcs_fifo_ip_512x64_wr_status_fl...
Compiling module xil_defaultlib.ipcs_fifo_ip_512x64_wr_bin_cntr
Compiling module xil_defaultlib.ipcs_fifo_ip_512x64_wr_logic
Compiling module unisims_ver.RB36_INTERNAL_VLOG(DOA_REG=0,DOB...
Compiling module unisims_ver.RAMB36E1(RAM_MODE="SDP",READ_WID...
Compiling module xil_defaultlib.ipcs_fifo_ip_512x64_blk_mem_gen_...
Compiling module xil_defaultlib.ipcs_fifo_ip_512x64_blk_mem_gen_...
Compiling module xil_defaultlib.ipcs_fifo_ip_512x64_blk_mem_gen_...
Compiling module xil_defaultlib.ipcs_fifo_ip_512x64_blk_mem_gen_...
Compiling module xil_defaultlib.ipcs_fifo_ip_512x64_blk_mem_gen_...
Compiling module xil_defaultlib.ipcs_fifo_ip_512x64_blk_mem_gen_...
Compiling module xil_defaultlib.ipcs_fifo_ip_512x64_memory
Compiling module xil_defaultlib.ipcs_fifo_ip_512x64_fifo_generat...
Compiling module xil_defaultlib.ipcs_fifo_ip_512x64_fifo_generat...
Compiling module xil_defaultlib.ipcs_fifo_ip_512x64_reset_blk_ra...
Compiling module xil_defaultlib.ipcs_fifo_ip_512x64_fifo_generat...
Compiling module xil_defaultlib.ipcs_fifo_ip_512x64_fifo_generat...
Compiling module xil_defaultlib.ipcs_fifo_ip_512x64
Compiling module xil_defaultlib.fmac_ipcs_fifo512x64
Compiling module xil_defaultlib.pktctrl_fifo_ip_4kx32_updn_cntr
Compiling module xil_defaultlib.pktctrl_fifo_ip_4kx32_dc_ss
Compiling module xil_defaultlib.pktctrl_fifo_ip_4kx32_compare_1
Compiling module xil_defaultlib.pktctrl_fifo_ip_4kx32_compare_2
Compiling module xil_defaultlib.pktctrl_fifo_ip_4kx32_rd_status_...
Compiling module xil_defaultlib.pktctrl_fifo_ip_4kx32_rd_bin_cnt...
Compiling module xil_defaultlib.pktctrl_fifo_ip_4kx32_rd_logic
Compiling module xil_defaultlib.pktctrl_fifo_ip_4kx32_compare
Compiling module xil_defaultlib.pktctrl_fifo_ip_4kx32_compare_0
Compiling module xil_defaultlib.pktctrl_fifo_ip_4kx32_wr_status_...
Compiling module xil_defaultlib.pktctrl_fifo_ip_4kx32_wr_bin_cnt...
Compiling module xil_defaultlib.pktctrl_fifo_ip_4kx32_wr_logic
Compiling module unisims_ver.RB36_INTERNAL_VLOG(DOA_REG=0,DOB...
Compiling module unisims_ver.RAMB36E1(READ_WIDTH_A=9,READ_WID...
Compiling module xil_defaultlib.pktctrl_fifo_ip_4kx32_blk_mem_ge...
Compiling module xil_defaultlib.pktctrl_fifo_ip_4kx32_blk_mem_ge...
Compiling module xil_defaultlib.pktctrl_fifo_ip_4kx32_blk_mem_ge...
Compiling module xil_defaultlib.pktctrl_fifo_ip_4kx32_blk_mem_ge...
Compiling module xil_defaultlib.pktctrl_fifo_ip_4kx32_blk_mem_ge...
Compiling module xil_defaultlib.pktctrl_fifo_ip_4kx32_blk_mem_ge...
Compiling module xil_defaultlib.pktctrl_fifo_ip_4kx32_blk_mem_ge...
Compiling module xil_defaultlib.pktctrl_fifo_ip_4kx32_blk_mem_ge...
Compiling module xil_defaultlib.pktctrl_fifo_ip_4kx32_blk_mem_ge...
Compiling module xil_defaultlib.pktctrl_fifo_ip_4kx32_blk_mem_ge...
Compiling module xil_defaultlib.pktctrl_fifo_ip_4kx32_blk_mem_ge...
Compiling module xil_defaultlib.pktctrl_fifo_ip_4kx32_blk_mem_ge...
Compiling module xil_defaultlib.pktctrl_fifo_ip_4kx32_memory
Compiling module xil_defaultlib.pktctrl_fifo_ip_4kx32_fifo_gener...
Compiling module xil_defaultlib.pktctrl_fifo_ip_4kx32_fifo_gener...
Compiling module xil_defaultlib.pktctrl_fifo_ip_4kx32_reset_blk_...
Compiling module xil_defaultlib.pktctrl_fifo_ip_4kx32_fifo_gener...
Compiling module xil_defaultlib.pktctrl_fifo_ip_4kx32_fifo_gener...
Compiling module xil_defaultlib.pktctrl_fifo_ip_4kx32
Compiling module xil_defaultlib.fmac_fifo4Kx32
Compiling module xil_defaultlib.fmac_rxfifo_ip_4Kx256_updn_cntr
Compiling module xil_defaultlib.fmac_rxfifo_ip_4Kx256_dc_ss
Compiling module xil_defaultlib.fmac_rxfifo_ip_4Kx256_compare_1
Compiling module xil_defaultlib.fmac_rxfifo_ip_4Kx256_compare_2
Compiling module xil_defaultlib.fmac_rxfifo_ip_4Kx256_rd_status_...
Compiling module xil_defaultlib.fmac_rxfifo_ip_4Kx256_rd_bin_cnt...
Compiling module xil_defaultlib.fmac_rxfifo_ip_4Kx256_rd_logic
Compiling module xil_defaultlib.fmac_rxfifo_ip_4Kx256_compare
Compiling module xil_defaultlib.fmac_rxfifo_ip_4Kx256_compare_0
Compiling module xil_defaultlib.fmac_rxfifo_ip_4Kx256_wr_status_...
Compiling module xil_defaultlib.fmac_rxfifo_ip_4Kx256_wr_bin_cnt...
Compiling module xil_defaultlib.fmac_rxfifo_ip_4Kx256_wr_logic
Compiling module unisims_ver.RB18_INTERNAL_VLOG(DOA_REG=0,DOB...
Compiling module unisims_ver.RAMB18E1(READ_WIDTH_A=4,READ_WID...
Compiling module xil_defaultlib.fmac_rxfifo_ip_4Kx256_blk_mem_ge...
Compiling module xil_defaultlib.fmac_rxfifo_ip_4Kx256_blk_mem_ge...
Compiling module xil_defaultlib.fmac_rxfifo_ip_4Kx256_blk_mem_ge...
Compiling module xil_defaultlib.fmac_rxfifo_ip_4Kx256_blk_mem_ge...
Compiling module xil_defaultlib.fmac_rxfifo_ip_4Kx256_blk_mem_ge...
Compiling module xil_defaultlib.fmac_rxfifo_ip_4Kx256_blk_mem_ge...
Compiling module xil_defaultlib.fmac_rxfifo_ip_4Kx256_blk_mem_ge...
Compiling module xil_defaultlib.fmac_rxfifo_ip_4Kx256_blk_mem_ge...
Compiling module xil_defaultlib.fmac_rxfifo_ip_4Kx256_blk_mem_ge...
Compiling module xil_defaultlib.fmac_rxfifo_ip_4Kx256_blk_mem_ge...
Compiling module xil_defaultlib.fmac_rxfifo_ip_4Kx256_blk_mem_ge...
Compiling module xil_defaultlib.fmac_rxfifo_ip_4Kx256_blk_mem_ge...
Compiling module xil_defaultlib.fmac_rxfifo_ip_4Kx256_blk_mem_ge...
Compiling module xil_defaultlib.fmac_rxfifo_ip_4Kx256_blk_mem_ge...
Compiling module xil_defaultlib.fmac_rxfifo_ip_4Kx256_blk_mem_ge...
Compiling module xil_defaultlib.fmac_rxfifo_ip_4Kx256_blk_mem_ge...
Compiling module xil_defaultlib.fmac_rxfifo_ip_4Kx256_blk_mem_ge...
Compiling module xil_defaultlib.fmac_rxfifo_ip_4Kx256_blk_mem_ge...
Compiling module xil_defaultlib.fmac_rxfifo_ip_4Kx256_blk_mem_ge...
Compiling module xil_defaultlib.fmac_rxfifo_ip_4Kx256_blk_mem_ge...
Compiling module xil_defaultlib.fmac_rxfifo_ip_4Kx256_blk_mem_ge...
Compiling module xil_defaultlib.fmac_rxfifo_ip_4Kx256_blk_mem_ge...
Compiling module xil_defaultlib.fmac_rxfifo_ip_4Kx256_blk_mem_ge...
Compiling module xil_defaultlib.fmac_rxfifo_ip_4Kx256_blk_mem_ge...
Compiling module xil_defaultlib.fmac_rxfifo_ip_4Kx256_blk_mem_ge...
Compiling module xil_defaultlib.fmac_rxfifo_ip_4Kx256_blk_mem_ge...
Compiling module xil_defaultlib.fmac_rxfifo_ip_4Kx256_blk_mem_ge...
Compiling module xil_defaultlib.fmac_rxfifo_ip_4Kx256_blk_mem_ge...
Compiling module xil_defaultlib.fmac_rxfifo_ip_4Kx256_blk_mem_ge...
Compiling module xil_defaultlib.fmac_rxfifo_ip_4Kx256_blk_mem_ge...
Compiling module xil_defaultlib.fmac_rxfifo_ip_4Kx256_blk_mem_ge...
Compiling module xil_defaultlib.fmac_rxfifo_ip_4Kx256_blk_mem_ge...
Compiling module xil_defaultlib.fmac_rxfifo_ip_4Kx256_blk_mem_ge...
Compiling module xil_defaultlib.fmac_rxfifo_ip_4Kx256_blk_mem_ge...
Compiling module xil_defaultlib.fmac_rxfifo_ip_4Kx256_blk_mem_ge...
Compiling module xil_defaultlib.fmac_rxfifo_ip_4Kx256_blk_mem_ge...
Compiling module xil_defaultlib.fmac_rxfifo_ip_4Kx256_blk_mem_ge...
Compiling module xil_defaultlib.fmac_rxfifo_ip_4Kx256_blk_mem_ge...
Compiling module xil_defaultlib.fmac_rxfifo_ip_4Kx256_blk_mem_ge...
Compiling module xil_defaultlib.fmac_rxfifo_ip_4Kx256_blk_mem_ge...
Compiling module xil_defaultlib.fmac_rxfifo_ip_4Kx256_blk_mem_ge...
Compiling module xil_defaultlib.fmac_rxfifo_ip_4Kx256_blk_mem_ge...
Compiling module xil_defaultlib.fmac_rxfifo_ip_4Kx256_blk_mem_ge...
Compiling module xil_defaultlib.fmac_rxfifo_ip_4Kx256_blk_mem_ge...
Compiling module xil_defaultlib.fmac_rxfifo_ip_4Kx256_blk_mem_ge...
Compiling module xil_defaultlib.fmac_rxfifo_ip_4Kx256_blk_mem_ge...
Compiling module xil_defaultlib.fmac_rxfifo_ip_4Kx256_blk_mem_ge...
Compiling module xil_defaultlib.fmac_rxfifo_ip_4Kx256_blk_mem_ge...
Compiling module xil_defaultlib.fmac_rxfifo_ip_4Kx256_blk_mem_ge...
Compiling module xil_defaultlib.fmac_rxfifo_ip_4Kx256_blk_mem_ge...
Compiling module xil_defaultlib.fmac_rxfifo_ip_4Kx256_blk_mem_ge...
Compiling module xil_defaultlib.fmac_rxfifo_ip_4Kx256_blk_mem_ge...
Compiling module xil_defaultlib.fmac_rxfifo_ip_4Kx256_blk_mem_ge...
Compiling module xil_defaultlib.fmac_rxfifo_ip_4Kx256_blk_mem_ge...
Compiling module xil_defaultlib.fmac_rxfifo_ip_4Kx256_blk_mem_ge...
Compiling module xil_defaultlib.fmac_rxfifo_ip_4Kx256_blk_mem_ge...
Compiling module xil_defaultlib.fmac_rxfifo_ip_4Kx256_blk_mem_ge...
Compiling module xil_defaultlib.fmac_rxfifo_ip_4Kx256_blk_mem_ge...
Compiling module xil_defaultlib.fmac_rxfifo_ip_4Kx256_blk_mem_ge...
Compiling module xil_defaultlib.fmac_rxfifo_ip_4Kx256_blk_mem_ge...
Compiling module xil_defaultlib.fmac_rxfifo_ip_4Kx256_blk_mem_ge...
Compiling module xil_defaultlib.fmac_rxfifo_ip_4Kx256_blk_mem_ge...
Compiling module xil_defaultlib.fmac_rxfifo_ip_4Kx256_memory
Compiling module xil_defaultlib.fmac_rxfifo_ip_4Kx256_fifo_gener...
Compiling module xil_defaultlib.fmac_rxfifo_ip_4Kx256_fifo_gener...
Compiling module xil_defaultlib.fmac_rxfifo_ip_4Kx256_reset_blk_...
Compiling module xil_defaultlib.fmac_rxfifo_ip_4Kx256_fifo_gener...
Compiling module xil_defaultlib.fmac_rxfifo_ip_4Kx256_fifo_gener...
Compiling module xil_defaultlib.fmac_rxfifo_ip_4Kx256
Compiling module xil_defaultlib.fmac_rx_fifo4Kx256
Compiling module xil_defaultlib.CRC32_D104
Compiling module xil_defaultlib.CRC32_D112
Compiling module xil_defaultlib.CRC32_D120
Compiling module xil_defaultlib.CRC32_D128
Compiling module xil_defaultlib.CRC32_D136
Compiling module xil_defaultlib.CRC32_D144
Compiling module xil_defaultlib.CRC32_D152
Compiling module xil_defaultlib.CRC32_D16
Compiling module xil_defaultlib.CRC32_D160
Compiling module xil_defaultlib.CRC32_D168
Compiling module xil_defaultlib.CRC32_D176
Compiling module xil_defaultlib.CRC32_D184
Compiling module xil_defaultlib.CRC32_D192
Compiling module xil_defaultlib.CRC32_D200
Compiling module xil_defaultlib.CRC32_D208
Compiling module xil_defaultlib.CRC32_D216
Compiling module xil_defaultlib.CRC32_D224
Compiling module xil_defaultlib.CRC32_D232
Compiling module xil_defaultlib.CRC32_D24
Compiling module xil_defaultlib.CRC32_D240
Compiling module xil_defaultlib.CRC32_D248
Compiling module xil_defaultlib.CRC32_D256
Compiling module xil_defaultlib.CRC32_D32
Compiling module xil_defaultlib.CRC32_D40
Compiling module xil_defaultlib.CRC32_D48
Compiling module xil_defaultlib.CRC32_D56
Compiling module xil_defaultlib.CRC32_D64
Compiling module xil_defaultlib.CRC32_D72
Compiling module xil_defaultlib.CRC32_D8
Compiling module xil_defaultlib.CRC32_D80
Compiling module xil_defaultlib.CRC32_D88
Compiling module xil_defaultlib.CRC32_D96
Compiling module unisims_ver.latchsre_ldpe
Compiling module unisims_ver.LDPE
Compiling module xil_defaultlib.eth_crc32_gen
Compiling module xil_defaultlib.tx_cgmii
Compiling module xil_defaultlib.tx_encap_100G
Compiling module xil_defaultlib.tx_100G_wrap
Compiling module xil_defaultlib.tx_encap_10G
Compiling module xil_defaultlib.tx_mac10g_crc32x64
Compiling module xil_defaultlib.tx_xgmii
Compiling module xil_defaultlib.tx_10G_wrap
Compiling module xil_defaultlib.txfifo_ip_1024x256_updn_cntr
Compiling module xil_defaultlib.txfifo_ip_1024x256_dc_ss
Compiling module xil_defaultlib.txfifo_ip_1024x256_compare_1
Compiling module xil_defaultlib.txfifo_ip_1024x256_compare_2
Compiling module xil_defaultlib.txfifo_ip_1024x256_rd_status_fla...
Compiling module xil_defaultlib.txfifo_ip_1024x256_rd_bin_cntr
Compiling module xil_defaultlib.txfifo_ip_1024x256_rd_logic
Compiling module xil_defaultlib.txfifo_ip_1024x256_compare
Compiling module xil_defaultlib.txfifo_ip_1024x256_compare_0
Compiling module xil_defaultlib.txfifo_ip_1024x256_wr_status_fla...
Compiling module xil_defaultlib.txfifo_ip_1024x256_wr_bin_cntr
Compiling module xil_defaultlib.txfifo_ip_1024x256_wr_logic
Compiling module xil_defaultlib.txfifo_ip_1024x256_blk_mem_gen_p...
Compiling module xil_defaultlib.txfifo_ip_1024x256_blk_mem_gen_p...
Compiling module xil_defaultlib.txfifo_ip_1024x256_blk_mem_gen_p...
Compiling module xil_defaultlib.txfifo_ip_1024x256_blk_mem_gen_p...
Compiling module xil_defaultlib.txfifo_ip_1024x256_blk_mem_gen_p...
Compiling module xil_defaultlib.txfifo_ip_1024x256_blk_mem_gen_p...
Compiling module xil_defaultlib.txfifo_ip_1024x256_blk_mem_gen_p...
Compiling module xil_defaultlib.txfifo_ip_1024x256_blk_mem_gen_p...
Compiling module xil_defaultlib.txfifo_ip_1024x256_blk_mem_gen_p...
Compiling module xil_defaultlib.txfifo_ip_1024x256_blk_mem_gen_p...
Compiling module xil_defaultlib.txfifo_ip_1024x256_blk_mem_gen_p...
Compiling module xil_defaultlib.txfifo_ip_1024x256_blk_mem_gen_p...
Compiling module xil_defaultlib.txfifo_ip_1024x256_blk_mem_gen_p...
Compiling module xil_defaultlib.txfifo_ip_1024x256_blk_mem_gen_p...
Compiling module xil_defaultlib.txfifo_ip_1024x256_blk_mem_gen_p...
Compiling module xil_defaultlib.txfifo_ip_1024x256_blk_mem_gen_p...
Compiling module xil_defaultlib.txfifo_ip_1024x256_blk_mem_gen_g...
Compiling module xil_defaultlib.txfifo_ip_1024x256_blk_mem_gen_t...
Compiling module xil_defaultlib.txfifo_ip_1024x256_blk_mem_gen_v...
Compiling module xil_defaultlib.txfifo_ip_1024x256_blk_mem_gen_v...
Compiling module xil_defaultlib.txfifo_ip_1024x256_memory
Compiling module xil_defaultlib.txfifo_ip_1024x256_fifo_generato...
Compiling module xil_defaultlib.txfifo_ip_1024x256_fifo_generato...
Compiling module xil_defaultlib.txfifo_ip_1024x256_reset_blk_ram...
Compiling module xil_defaultlib.txfifo_ip_1024x256_fifo_generato...
Compiling module xil_defaultlib.txfifo_ip_1024x256_fifo_generato...
Compiling module xil_defaultlib.txfifo_ip_1024x256
Compiling module xil_defaultlib.txfifo_1024x256
Compiling module xil_defaultlib.tcore_fmac_core
Compiling module xil_defaultlib.rx_100G
Compiling module xil_defaultlib.s2p10
Compiling module xil_defaultlib.rx_50G
Compiling module xil_defaultlib.x2c_bcnt_fifo_ip_256x32_updn_cnt...
Compiling module xil_defaultlib.x2c_bcnt_fifo_ip_256x32_dc_ss
Compiling module xil_defaultlib.x2c_bcnt_fifo_ip_256x32_rd_statu...
Compiling module xil_defaultlib.x2c_bcnt_fifo_ip_256x32_rd_bin_c...
Compiling module xil_defaultlib.x2c_bcnt_fifo_ip_256x32_rd_logic
Compiling module xil_defaultlib.x2c_bcnt_fifo_ip_256x32_wr_statu...
Compiling module xil_defaultlib.x2c_bcnt_fifo_ip_256x32_wr_bin_c...
Compiling module xil_defaultlib.x2c_bcnt_fifo_ip_256x32_wr_logic
Compiling module xil_defaultlib.x2c_bcnt_fifo_ip_256x32_blk_mem_...
Compiling module xil_defaultlib.x2c_bcnt_fifo_ip_256x32_blk_mem_...
Compiling module xil_defaultlib.x2c_bcnt_fifo_ip_256x32_blk_mem_...
Compiling module xil_defaultlib.x2c_bcnt_fifo_ip_256x32_blk_mem_...
Compiling module xil_defaultlib.x2c_bcnt_fifo_ip_256x32_blk_mem_...
Compiling module xil_defaultlib.x2c_bcnt_fifo_ip_256x32_blk_mem_...
Compiling module xil_defaultlib.x2c_bcnt_fifo_ip_256x32_memory
Compiling module xil_defaultlib.x2c_bcnt_fifo_ip_256x32_fifo_gen...
Compiling module xil_defaultlib.x2c_bcnt_fifo_ip_256x32_fifo_gen...
Compiling module xil_defaultlib.x2c_bcnt_fifo_ip_256x32_reset_bl...
Compiling module xil_defaultlib.x2c_bcnt_fifo_ip_256x32_fifo_gen...
Compiling module xil_defaultlib.x2c_bcnt_fifo_ip_256x32_fifo_gen...
Compiling module xil_defaultlib.x2c_bcnt_fifo_ip_256x32
Compiling module xil_defaultlib.x2c_bcnt_fifo256x32
Compiling module xil_defaultlib.x2c_ctrl_fifo_ip_1024x32_updn_cn...
Compiling module xil_defaultlib.x2c_ctrl_fifo_ip_1024x32_dc_ss
Compiling module xil_defaultlib.x2c_ctrl_fifo_ip_1024x32_compare...
Compiling module xil_defaultlib.x2c_ctrl_fifo_ip_1024x32_compare...
Compiling module xil_defaultlib.x2c_ctrl_fifo_ip_1024x32_rd_stat...
Compiling module xil_defaultlib.x2c_ctrl_fifo_ip_1024x32_rd_bin_...
Compiling module xil_defaultlib.x2c_ctrl_fifo_ip_1024x32_rd_logi...
Compiling module xil_defaultlib.x2c_ctrl_fifo_ip_1024x32_compare
Compiling module xil_defaultlib.x2c_ctrl_fifo_ip_1024x32_compare...
Compiling module xil_defaultlib.x2c_ctrl_fifo_ip_1024x32_wr_stat...
Compiling module xil_defaultlib.x2c_ctrl_fifo_ip_1024x32_wr_bin_...
Compiling module xil_defaultlib.x2c_ctrl_fifo_ip_1024x32_wr_logi...
Compiling module xil_defaultlib.x2c_ctrl_fifo_ip_1024x32_blk_mem...
Compiling module xil_defaultlib.x2c_ctrl_fifo_ip_1024x32_blk_mem...
Compiling module xil_defaultlib.x2c_ctrl_fifo_ip_1024x32_blk_mem...
Compiling module xil_defaultlib.x2c_ctrl_fifo_ip_1024x32_blk_mem...
Compiling module xil_defaultlib.x2c_ctrl_fifo_ip_1024x32_blk_mem...
Compiling module xil_defaultlib.x2c_ctrl_fifo_ip_1024x32_blk_mem...
Compiling module xil_defaultlib.x2c_ctrl_fifo_ip_1024x32_memory
Compiling module xil_defaultlib.x2c_ctrl_fifo_ip_1024x32_fifo_ge...
Compiling module xil_defaultlib.x2c_ctrl_fifo_ip_1024x32_fifo_ge...
Compiling module xil_defaultlib.x2c_ctrl_fifo_ip_1024x32_reset_b...
Compiling module xil_defaultlib.x2c_ctrl_fifo_ip_1024x32_fifo_ge...
Compiling module xil_defaultlib.x2c_ctrl_fifo_ip_1024x32_fifo_ge...
Compiling module xil_defaultlib.x2c_ctrl_fifo_ip_1024x32
Compiling module xil_defaultlib.x2c_ctrl_fifo1024x32
Compiling module xil_defaultlib.x2c_data_fifo_ip_1024x256_updn_c...
Compiling module xil_defaultlib.x2c_data_fifo_ip_1024x256_dc_ss
Compiling module xil_defaultlib.x2c_data_fifo_ip_1024x256_compar...
Compiling module xil_defaultlib.x2c_data_fifo_ip_1024x256_compar...
Compiling module xil_defaultlib.x2c_data_fifo_ip_1024x256_rd_sta...
Compiling module xil_defaultlib.x2c_data_fifo_ip_1024x256_rd_bin...
Compiling module xil_defaultlib.x2c_data_fifo_ip_1024x256_rd_log...
Compiling module xil_defaultlib.x2c_data_fifo_ip_1024x256_compar...
Compiling module xil_defaultlib.x2c_data_fifo_ip_1024x256_compar...
Compiling module xil_defaultlib.x2c_data_fifo_ip_1024x256_wr_sta...
Compiling module xil_defaultlib.x2c_data_fifo_ip_1024x256_wr_bin...
Compiling module xil_defaultlib.x2c_data_fifo_ip_1024x256_wr_log...
Compiling module xil_defaultlib.x2c_data_fifo_ip_1024x256_blk_me...
Compiling module xil_defaultlib.x2c_data_fifo_ip_1024x256_blk_me...
Compiling module xil_defaultlib.x2c_data_fifo_ip_1024x256_blk_me...
Compiling module xil_defaultlib.x2c_data_fifo_ip_1024x256_blk_me...
Compiling module xil_defaultlib.x2c_data_fifo_ip_1024x256_blk_me...
Compiling module xil_defaultlib.x2c_data_fifo_ip_1024x256_blk_me...
Compiling module xil_defaultlib.x2c_data_fifo_ip_1024x256_blk_me...
Compiling module xil_defaultlib.x2c_data_fifo_ip_1024x256_blk_me...
Compiling module xil_defaultlib.x2c_data_fifo_ip_1024x256_blk_me...
Compiling module xil_defaultlib.x2c_data_fifo_ip_1024x256_blk_me...
Compiling module xil_defaultlib.x2c_data_fifo_ip_1024x256_blk_me...
Compiling module xil_defaultlib.x2c_data_fifo_ip_1024x256_blk_me...
Compiling module xil_defaultlib.x2c_data_fifo_ip_1024x256_blk_me...
Compiling module xil_defaultlib.x2c_data_fifo_ip_1024x256_blk_me...
Compiling module xil_defaultlib.x2c_data_fifo_ip_1024x256_blk_me...
Compiling module xil_defaultlib.x2c_data_fifo_ip_1024x256_blk_me...
Compiling module xil_defaultlib.x2c_data_fifo_ip_1024x256_blk_me...
Compiling module xil_defaultlib.x2c_data_fifo_ip_1024x256_blk_me...
Compiling module xil_defaultlib.x2c_data_fifo_ip_1024x256_blk_me...
Compiling module xil_defaultlib.x2c_data_fifo_ip_1024x256_blk_me...
Compiling module xil_defaultlib.x2c_data_fifo_ip_1024x256_memory
Compiling module xil_defaultlib.x2c_data_fifo_ip_1024x256_fifo_g...
Compiling module xil_defaultlib.x2c_data_fifo_ip_1024x256_fifo_g...
Compiling module xil_defaultlib.x2c_data_fifo_ip_1024x256_reset_...
Compiling module xil_defaultlib.x2c_data_fifo_ip_1024x256_fifo_g...
Compiling module xil_defaultlib.x2c_data_fifo_ip_1024x256_fifo_g...
Compiling module xil_defaultlib.x2c_data_fifo_ip_1024x256
Compiling module xil_defaultlib.x2c_data_fifo1024x256
Compiling module xil_defaultlib.x2c_ctrl
Compiling module xil_defaultlib.LMAC_CORE_TOP
Compiling module xil_defaultlib.LMAC_TOP_SYNTH
Compiling module xil_defaultlib.LPBK_MODULE
Compiling module xil_defaultlib.ten_gig_eth_pcs_pma_ip_shared_lo...
Compiling module xil_defaultlib.ten_gig_eth_pcs_pma_ip_shared_lo...
Compiling module xil_defaultlib.ten_gig_eth_pcs_pma_ip_shared_lo...
Compiling module xil_defaultlib.ten_gig_eth_pcs_pma_ip_shared_lo...
Compiling module xil_defaultlib.ten_gig_eth_pcs_pma_ip_shared_lo...
Compiling secureip modules ...
Compiling module unisims_ver.GTHE2_CHANNEL(ALIGN_MCOMMA_DET="...
Compiling module xil_defaultlib.ten_gig_eth_pcs_pma_ip_shared_lo...
Compiling module xil_defaultlib.ten_gig_eth_pcs_pma_ip_shared_lo...
Compiling module xil_defaultlib.ten_gig_eth_pcs_pma_ip_shared_lo...
Compiling module xil_defaultlib.ten_gig_eth_pcs_pma_ip_shared_lo...
Compiling module xil_defaultlib.ten_gig_eth_pcs_pma_ip_shared_lo...
Compiling module xil_defaultlib.ten_gig_eth_pcs_pma_ip_shared_lo...
Compiling module unisims_ver.ffsrce_fdce
Compiling module unisims_ver.FDCE
Compiling module xil_defaultlib.ten_gig_eth_pcs_pma_ip_shared_lo...
Compiling module xil_defaultlib.ten_gig_eth_pcs_pma_ip_shared_lo...
Compiling module xil_defaultlib.ten_gig_eth_pcs_pma_ip_shared_lo...
Compiling module xil_defaultlib.ten_gig_eth_pcs_pma_ip_shared_lo...
Compiling module xil_defaultlib.ten_gig_eth_pcs_pma_ip_shared_lo...
Compiling module xil_defaultlib.ten_gig_eth_pcs_pma_v6_0_3_rxrat...
Compiling module xil_defaultlib.ten_gig_eth_pcs_pma_v6_0_3_dp_ra...
Compiling module xil_defaultlib.ten_gig_eth_pcs_pma_v6_0_3_async...
Compiling module xil_defaultlib.ten_gig_eth_pcs_pma_v6_0_3_txrat...
Compiling module xil_defaultlib.ten_gig_eth_pcs_pma_v6_0_3_synch...
Compiling module xil_defaultlib.ten_gig_eth_pcs_pma_v6_0_3_synch...
Compiling module xil_defaultlib.ten_gig_eth_pcs_pma_v6_0_3_g_res...
Compiling module xil_defaultlib.ten_gig_eth_pcs_pma_v6_0_3_synch...
Compiling module xil_defaultlib.ten_gig_eth_pcs_pma_v6_0_3_synch...
Compiling module xil_defaultlib.ten_gig_eth_pcs_pma_v6_0_3_synch...
Compiling module xil_defaultlib.ten_gig_eth_pcs_pma_v6_0_3_synch...
Compiling module xil_defaultlib.ten_gig_eth_pcs_pma_v6_0_3_coher...
Compiling module xil_defaultlib.ten_gig_eth_pcs_pma_v6_0_3_synch...
Compiling module xil_defaultlib.ten_gig_eth_pcs_pma_v6_0_3_synch...
Compiling module xil_defaultlib.ten_gig_eth_pcs_pma_v6_0_3_g_res...
Compiling module xil_defaultlib.ten_gig_eth_pcs_pma_v6_0_3_dp_ra...
Compiling module xil_defaultlib.ten_gig_eth_pcs_pma_v6_0_3_async...
Compiling module xil_defaultlib.ten_gig_eth_pcs_pma_v6_0_3_synch...
Compiling module xil_defaultlib.ten_gig_eth_pcs_pma_v6_0_3_idle_...
Compiling module xil_defaultlib.ten_gig_eth_pcs_pma_v6_0_3_idle_...
Compiling module xil_defaultlib.ten_gig_eth_pcs_pma_v6_0_3_seq_d...
Compiling module xil_defaultlib.ten_gig_eth_pcs_pma_v6_0_3_seq_d...
Compiling module xil_defaultlib.ten_gig_eth_pcs_pma_v6_0_3_idle_...
Compiling module xil_defaultlib.ten_gig_eth_pcs_pma_v6_0_3_idle_...
Compiling module xil_defaultlib.ten_gig_eth_pcs_pma_v6_0_3_elast...
Compiling module xil_defaultlib.ten_gig_eth_pcs_pma_v6_0_3_elast...
Compiling module xil_defaultlib.ten_gig_eth_pcs_pma_v6_0_3_synch...
Compiling module xil_defaultlib.ten_gig_eth_pcs_pma_v6_0_3_toggl...
Compiling module xil_defaultlib.ten_gig_eth_pcs_pma_v6_0_3_synch...
Compiling module xil_defaultlib.ten_gig_eth_pcs_pma_v6_0_3_toggl...
Compiling module xil_defaultlib.ten_gig_eth_pcs_pma_v6_0_3_drp_i...
Compiling module xil_defaultlib.ten_gig_eth_pcs_pma_v6_0_3_ieee_...
Compiling module xil_defaultlib.ten_gig_eth_pcs_pma_v6_0_3_g_reg...
Compiling module xil_defaultlib.ten_gig_eth_pcs_pma_v6_0_3_g_reg...
Compiling module xil_defaultlib.ten_gig_eth_pcs_pma_v6_0_3_g_reg...
Compiling module xil_defaultlib.ten_gig_eth_pcs_pma_v6_0_3_g_reg...
Compiling module xil_defaultlib.ten_gig_eth_pcs_pma_v6_0_3_g_reg...
Compiling module xil_defaultlib.ten_gig_eth_pcs_pma_v6_0_3_g_reg...
Compiling module xil_defaultlib.ten_gig_eth_pcs_pma_v6_0_3_g_reg...
Compiling module xil_defaultlib.ten_gig_eth_pcs_pma_v6_0_3_g_reg...
Compiling module xil_defaultlib.ten_gig_eth_pcs_pma_v6_0_3_g_reg...
Compiling module xil_defaultlib.ten_gig_eth_pcs_pma_v6_0_3_g_reg...
Compiling module xil_defaultlib.ten_gig_eth_pcs_pma_v6_0_3_g_reg...
Compiling module xil_defaultlib.ten_gig_eth_pcs_pma_v6_0_3_g_reg...
Compiling module xil_defaultlib.ten_gig_eth_pcs_pma_v6_0_3_g_reg...
Compiling module xil_defaultlib.ten_gig_eth_pcs_pma_v6_0_3_g_reg...
Compiling module xil_defaultlib.ten_gig_eth_pcs_pma_v6_0_3_g_reg...
Compiling module xil_defaultlib.ten_gig_eth_pcs_pma_v6_0_3_g_reg...
Compiling module xil_defaultlib.ten_gig_eth_pcs_pma_v6_0_3_g_reg...
Compiling module xil_defaultlib.ten_gig_eth_pcs_pma_v6_0_3_g_reg...
Compiling module xil_defaultlib.ten_gig_eth_pcs_pma_v6_0_3_g_reg...
Compiling module xil_defaultlib.ten_gig_eth_pcs_pma_v6_0_3_g_reg...
Compiling module xil_defaultlib.ten_gig_eth_pcs_pma_v6_0_3_g_reg...
Compiling module xil_defaultlib.ten_gig_eth_pcs_pma_v6_0_3_g_reg...
Compiling module xil_defaultlib.ten_gig_eth_pcs_pma_v6_0_3_g_reg...
Compiling module xil_defaultlib.ten_gig_eth_pcs_pma_v6_0_3_g_reg...
Compiling module xil_defaultlib.ten_gig_eth_pcs_pma_v6_0_3_g_reg...
Compiling module xil_defaultlib.ten_gig_eth_pcs_pma_v6_0_3_g_reg...
Compiling module xil_defaultlib.ten_gig_eth_pcs_pma_v6_0_3_g_reg...
Compiling module xil_defaultlib.ten_gig_eth_pcs_pma_v6_0_3_g_reg...
Compiling module xil_defaultlib.ten_gig_eth_pcs_pma_v6_0_3_g_reg...
Compiling module xil_defaultlib.ten_gig_eth_pcs_pma_v6_0_3_g_reg...
Compiling module xil_defaultlib.ten_gig_eth_pcs_pma_v6_0_3_commo...
Compiling module xil_defaultlib.ten_gig_eth_pcs_pma_v6_0_3_ieee_...
Compiling module xil_defaultlib.ten_gig_eth_pcs_pma_v6_0_3_ipif_...
Compiling module xil_defaultlib.ten_gig_eth_pcs_pma_v6_0_3_mdio_...
Compiling module xil_defaultlib.ten_gig_eth_pcs_pma_v6_0_3_manag...
Compiling module xil_defaultlib.ten_gig_eth_pcs_pma_v6_0_3_manag...
Compiling module xil_defaultlib.ten_gig_eth_pcs_pma_v6_0_3_pulse...
Compiling module xil_defaultlib.ten_gig_eth_pcs_pma_v6_0_3_pulse...
Compiling module xil_defaultlib.ten_gig_eth_pcs_pma_v6_0_3_pulse...
Compiling module xil_defaultlib.ten_gig_eth_pcs_pma_v6_0_3_rxusr...
Compiling module xil_defaultlib.ten_gig_eth_pcs_pma_v6_0_3_pulse...
Compiling module xil_defaultlib.ten_gig_eth_pcs_pma_v6_0_3_pulse...
Compiling module xil_defaultlib.ten_gig_eth_pcs_pma_v6_0_3_pulse...
Compiling module xil_defaultlib.ten_gig_eth_pcs_pma_v6_0_3_rxusr...
Compiling module xil_defaultlib.ten_gig_eth_pcs_pma_v6_0_3_synch...
Compiling module xil_defaultlib.ten_gig_eth_pcs_pma_v6_0_3_synch...
Compiling module xil_defaultlib.ten_gig_eth_pcs_pma_v6_0_3_synch...
Compiling module xil_defaultlib.ten_gig_eth_pcs_pma_v6_0_3_synch...
Compiling module xil_defaultlib.ten_gig_eth_pcs_pma_v6_0_3_synch...
Compiling module xil_defaultlib.ten_gig_eth_pcs_pma_v6_0_3_synch...
Compiling module xil_defaultlib.ten_gig_eth_pcs_pma_v6_0_3_synch...
Compiling module xil_defaultlib.ten_gig_eth_pcs_pma_v6_0_3_synch...
Compiling module xil_defaultlib.ten_gig_eth_pcs_pma_v6_0_3_synch...
Compiling module xil_defaultlib.ten_gig_eth_pcs_pma_v6_0_3_synch...
Compiling module xil_defaultlib.ten_gig_eth_pcs_pma_v6_0_3_synch...
Compiling module xil_defaultlib.ten_gig_eth_pcs_pma_v6_0_3_synch...
Compiling module xil_defaultlib.ten_gig_eth_pcs_pma_v6_0_3_synch...
Compiling module xil_defaultlib.ten_gig_eth_pcs_pma_v6_0_3_synch...
Compiling module xil_defaultlib.ten_gig_eth_pcs_pma_v6_0_3_synch...
Compiling module xil_defaultlib.ten_gig_eth_pcs_pma_v6_0_3_synch...
Compiling module xil_defaultlib.ten_gig_eth_pcs_pma_v6_0_3_coher...
Compiling module xil_defaultlib.ten_gig_eth_pcs_pma_v6_0_3_pcs_d...
Compiling module xil_defaultlib.ten_gig_eth_pcs_pma_v6_0_3_rx_be...
Compiling module xil_defaultlib.ten_gig_eth_pcs_pma_v6_0_3_rx_bl...
Compiling module xil_defaultlib.ten_gig_eth_pcs_pma_v6_0_3_rx_de...
Compiling module unisims_ver.FDSE(INIT=1'b0)
Compiling module xil_defaultlib.ten_gig_eth_pcs_pma_v6_0_3_rx_pc...
Compiling module xil_defaultlib.ten_gig_eth_pcs_pma_v6_0_3_rx_pc...
Compiling module xil_defaultlib.ten_gig_eth_pcs_pma_v6_0_3_synch...
Compiling module xil_defaultlib.ten_gig_eth_pcs_pma_v6_0_3_rx_pc...
Compiling module xil_defaultlib.ten_gig_eth_pcs_pma_v6_0_3_pcs_s...
Compiling module xil_defaultlib.ten_gig_eth_pcs_pma_v6_0_3_tx_en...
Compiling module xil_defaultlib.ten_gig_eth_pcs_pma_v6_0_3_tx_pc...
Compiling module xil_defaultlib.ten_gig_eth_pcs_pma_v6_0_3_tx_pc...
Compiling module xil_defaultlib.ten_gig_eth_pcs_pma_v6_0_3_pcs_t...
Compiling module xil_defaultlib.ten_gig_eth_pcs_pma_v6_0_3_synch...
Compiling module xil_defaultlib.ten_gig_eth_pcs_pma_v6_0_3_synch...
Compiling module xil_defaultlib.ten_gig_eth_pcs_pma_v6_0_3_synch...
Compiling module xil_defaultlib.ten_gig_eth_pcs_pma_v6_0_3_g_res...
Compiling module xil_defaultlib.ten_gig_eth_pcs_pma_v6_0_3_synch...
Compiling module xil_defaultlib.ten_gig_eth_pcs_pma_v6_0_3_synch...
Compiling module xil_defaultlib.ten_gig_eth_pcs_pma_v6_0_3_pulse...
Compiling module xil_defaultlib.ten_gig_eth_pcs_pma_v6_0_3_pulse...
Compiling module xil_defaultlib.ten_gig_eth_pcs_pma_v6_0_3_pulse...
Compiling module xil_defaultlib.ten_gig_eth_pcs_pma_v6_0_3_rxusr...
Compiling module xil_defaultlib.ten_gig_eth_pcs_pma_v6_0_3_baser...
Compiling module xil_defaultlib.ten_gig_eth_pcs_pma_v6_0_3_baser...
Compiling module xil_defaultlib.ten_gig_eth_pcs_pma_v6_0_3_wrapp...
Compiling module xil_defaultlib.ten_gig_eth_pcs_pma_v6_0_3
Compiling module xil_defaultlib.ten_gig_eth_pcs_pma_ip_shared_lo...
Compiling module xil_defaultlib.ten_gig_eth_pcs_pma_ip_shared_lo...
Compiling module xil_defaultlib.ten_gig_eth_pcs_pma_ip_shared_lo...
Compiling module xil_defaultlib.ten_gig_eth_pcs_pma_ip_shared_lo...
Compiling module xil_defaultlib.ten_gig_eth_pcs_pma_ip_shared_lo...
Compiling module xil_defaultlib.ten_gig_eth_pcs_pma_ip_shared_lo...
Compiling module xil_defaultlib.ten_gig_eth_pcs_pma_ip_shared_lo...
Compiling module xil_defaultlib.ten_gig_eth_pcs_pma_ip_shared_lo...
Compiling module unisims_ver.BUFH
Compiling module xil_defaultlib.ten_gig_eth_pcs_pma_ip_shared_lo...
Compiling module xil_defaultlib.ten_gig_eth_pcs_pma_ip_shared_lo...
Compiling module xil_defaultlib.ten_gig_eth_pcs_pma_ip_shared_lo...
Compiling module xil_defaultlib.ten_gig_eth_pcs_pma_ip_shared_lo...
Compiling module unisims_ver.latchsre_ldce
Compiling module unisims_ver.LDCE
Compiling module xil_defaultlib.ten_gig_eth_pcs_pma_ip_shared_lo...
Compiling module xil_defaultlib.ten_gig_eth_pcs_pma_ip_shared_lo...
Compiling module xil_defaultlib.ten_gig_eth_pcs_pma_ip_shared_lo...
Compiling module xil_defaultlib.ten_gig_eth_pcs_pma_ip_shared_lo...
Compiling secureip modules ...
Compiling module unisims_ver.GTHE2_COMMON(BIAS_CFG=64'b010000...
Compiling module xil_defaultlib.ten_gig_eth_pcs_pma_ip_shared_lo...
Compiling module xil_defaultlib.ten_gig_eth_pcs_pma_ip_shared_lo...
Compiling module xil_defaultlib.ten_gig_eth_pcs_pma_ip_shared_lo...
Compiling module unisims_ver.IBUFDS_GTE2
Compiling module xil_defaultlib.ten_gig_eth_pcs_pma_ip_shared_lo...
Compiling module xil_defaultlib.ten_gig_eth_pcs_pma_ip_shared_lo...
Compiling module xil_defaultlib.ten_gig_eth_pcs_pma_ip_shared_lo...
Compiling module xil_defaultlib.ten_gig_eth_pcs_pma_ip_shared_lo...
Compiling module xil_defaultlib.network_path_shared
Compiling module xil_defaultlib.synchronizer_simple
Compiling module xil_defaultlib.LMAC3_vc709_2015_4
Compiling module xil_defaultlib.board
Compiling module xil_defaultlib.glbl
Waiting for 11 sub-compilation(s) to finish...
