INFO: [VRFC 10-2263] Analyzing Verilog file "C:/SUNNY2/LMAC3-vc709-2015-4/hardware/vivado/runs/LMAC3-vc7-9-2015-4.sim/sim_1/synth/func/board_func_synth.v" into library xil_defaultlib
INFO: [VRFC 10-311] analyzing module CRC32_D104
INFO: [VRFC 10-311] analyzing module CRC32_D112
INFO: [VRFC 10-311] analyzing module CRC32_D120
INFO: [VRFC 10-311] analyzing module CRC32_D128
INFO: [VRFC 10-311] analyzing module CRC32_D136
INFO: [VRFC 10-311] analyzing module CRC32_D144
INFO: [VRFC 10-311] analyzing module CRC32_D152
INFO: [VRFC 10-311] analyzing module CRC32_D16
INFO: [VRFC 10-311] analyzing module CRC32_D160
INFO: [VRFC 10-311] analyzing module CRC32_D168
INFO: [VRFC 10-311] analyzing module CRC32_D176
INFO: [VRFC 10-311] analyzing module CRC32_D184
INFO: [VRFC 10-311] analyzing module CRC32_D192
INFO: [VRFC 10-311] analyzing module CRC32_D200
INFO: [VRFC 10-311] analyzing module CRC32_D208
INFO: [VRFC 10-311] analyzing module CRC32_D216
INFO: [VRFC 10-311] analyzing module CRC32_D224
INFO: [VRFC 10-311] analyzing module CRC32_D232
INFO: [VRFC 10-311] analyzing module CRC32_D24
INFO: [VRFC 10-311] analyzing module CRC32_D240
INFO: [VRFC 10-311] analyzing module CRC32_D248
INFO: [VRFC 10-311] analyzing module CRC32_D256
INFO: [VRFC 10-311] analyzing module CRC32_D32
INFO: [VRFC 10-311] analyzing module CRC32_D40
INFO: [VRFC 10-311] analyzing module CRC32_D48
INFO: [VRFC 10-311] analyzing module CRC32_D56
INFO: [VRFC 10-311] analyzing module CRC32_D64
INFO: [VRFC 10-311] analyzing module CRC32_D72
INFO: [VRFC 10-311] analyzing module CRC32_D8
INFO: [VRFC 10-311] analyzing module CRC32_D80
INFO: [VRFC 10-311] analyzing module CRC32_D88
INFO: [VRFC 10-311] analyzing module CRC32_D96
INFO: [VRFC 10-311] analyzing module LMAC3_vc709_2015_4
INFO: [VRFC 10-311] analyzing module LMAC_CORE_TOP
INFO: [VRFC 10-311] analyzing module LMAC_TOP_SYNTH
INFO: [VRFC 10-311] analyzing module LPBK_MODULE
INFO: [VRFC 10-311] analyzing module br_pre_ctrl_fifo1024x40
INFO: [VRFC 10-311] analyzing module br_pre_ctrl_fifo_ip_1024x40
INFO: [VRFC 10-311] analyzing module br_pre_ctrl_fifo_ip_1024x40_blk_mem_gen_generic_cstr
INFO: [VRFC 10-311] analyzing module br_pre_ctrl_fifo_ip_1024x40_blk_mem_gen_prim_width
INFO: [VRFC 10-311] analyzing module br_pre_ctrl_fifo_ip_1024x40_blk_mem_gen_prim_width__parameterized0
INFO: [VRFC 10-311] analyzing module br_pre_ctrl_fifo_ip_1024x40_blk_mem_gen_prim_wrapper
INFO: [VRFC 10-311] analyzing module br_pre_ctrl_fifo_ip_1024x40_blk_mem_gen_prim_wrapper__parameterized0
INFO: [VRFC 10-311] analyzing module br_pre_ctrl_fifo_ip_1024x40_blk_mem_gen_top
INFO: [VRFC 10-311] analyzing module br_pre_ctrl_fifo_ip_1024x40_blk_mem_gen_v8_3_1
INFO: [VRFC 10-311] analyzing module br_pre_ctrl_fifo_ip_1024x40_blk_mem_gen_v8_3_1_synth
INFO: [VRFC 10-311] analyzing module br_pre_ctrl_fifo_ip_1024x40_compare
INFO: [VRFC 10-311] analyzing module br_pre_ctrl_fifo_ip_1024x40_compare_0
INFO: [VRFC 10-311] analyzing module br_pre_ctrl_fifo_ip_1024x40_compare_1
INFO: [VRFC 10-311] analyzing module br_pre_ctrl_fifo_ip_1024x40_compare_2
INFO: [VRFC 10-311] analyzing module br_pre_ctrl_fifo_ip_1024x40_dc_ss
INFO: [VRFC 10-311] analyzing module br_pre_ctrl_fifo_ip_1024x40_fifo_generator_ramfifo
INFO: [VRFC 10-311] analyzing module br_pre_ctrl_fifo_ip_1024x40_fifo_generator_top
INFO: [VRFC 10-311] analyzing module br_pre_ctrl_fifo_ip_1024x40_fifo_generator_v13_0_1
INFO: [VRFC 10-311] analyzing module br_pre_ctrl_fifo_ip_1024x40_fifo_generator_v13_0_1_synth
INFO: [VRFC 10-311] analyzing module br_pre_ctrl_fifo_ip_1024x40_memory
INFO: [VRFC 10-311] analyzing module br_pre_ctrl_fifo_ip_1024x40_rd_bin_cntr
INFO: [VRFC 10-311] analyzing module br_pre_ctrl_fifo_ip_1024x40_rd_logic
INFO: [VRFC 10-311] analyzing module br_pre_ctrl_fifo_ip_1024x40_rd_status_flags_ss
INFO: [VRFC 10-311] analyzing module br_pre_ctrl_fifo_ip_1024x40_reset_blk_ramfifo
INFO: [VRFC 10-311] analyzing module br_pre_ctrl_fifo_ip_1024x40_updn_cntr
INFO: [VRFC 10-311] analyzing module br_pre_ctrl_fifo_ip_1024x40_wr_bin_cntr
INFO: [VRFC 10-311] analyzing module br_pre_ctrl_fifo_ip_1024x40_wr_logic
INFO: [VRFC 10-311] analyzing module br_pre_ctrl_fifo_ip_1024x40_wr_status_flags_ss
INFO: [VRFC 10-311] analyzing module br_pre_data_fifo1024x256
INFO: [VRFC 10-311] analyzing module br_pre_data_fifo_ip_1024x256
INFO: [VRFC 10-311] analyzing module br_pre_data_fifo_ip_1024x256_blk_mem_gen_generic_cstr
INFO: [VRFC 10-311] analyzing module br_pre_data_fifo_ip_1024x256_blk_mem_gen_prim_width
INFO: [VRFC 10-311] analyzing module br_pre_data_fifo_ip_1024x256_blk_mem_gen_prim_width__parameterized0
INFO: [VRFC 10-311] analyzing module br_pre_data_fifo_ip_1024x256_blk_mem_gen_prim_width__parameterized1
INFO: [VRFC 10-311] analyzing module br_pre_data_fifo_ip_1024x256_blk_mem_gen_prim_width__parameterized2
INFO: [VRFC 10-311] analyzing module br_pre_data_fifo_ip_1024x256_blk_mem_gen_prim_width__parameterized3
INFO: [VRFC 10-311] analyzing module br_pre_data_fifo_ip_1024x256_blk_mem_gen_prim_width__parameterized4
INFO: [VRFC 10-311] analyzing module br_pre_data_fifo_ip_1024x256_blk_mem_gen_prim_width__parameterized5
INFO: [VRFC 10-311] analyzing module br_pre_data_fifo_ip_1024x256_blk_mem_gen_prim_width__parameterized6
INFO: [VRFC 10-311] analyzing module br_pre_data_fifo_ip_1024x256_blk_mem_gen_prim_wrapper
INFO: [VRFC 10-311] analyzing module br_pre_data_fifo_ip_1024x256_blk_mem_gen_prim_wrapper__parameterized0
INFO: [VRFC 10-311] analyzing module br_pre_data_fifo_ip_1024x256_blk_mem_gen_prim_wrapper__parameterized1
INFO: [VRFC 10-311] analyzing module br_pre_data_fifo_ip_1024x256_blk_mem_gen_prim_wrapper__parameterized2
INFO: [VRFC 10-311] analyzing module br_pre_data_fifo_ip_1024x256_blk_mem_gen_prim_wrapper__parameterized3
INFO: [VRFC 10-311] analyzing module br_pre_data_fifo_ip_1024x256_blk_mem_gen_prim_wrapper__parameterized4
INFO: [VRFC 10-311] analyzing module br_pre_data_fifo_ip_1024x256_blk_mem_gen_prim_wrapper__parameterized5
INFO: [VRFC 10-311] analyzing module br_pre_data_fifo_ip_1024x256_blk_mem_gen_prim_wrapper__parameterized6
INFO: [VRFC 10-311] analyzing module br_pre_data_fifo_ip_1024x256_blk_mem_gen_top
INFO: [VRFC 10-311] analyzing module br_pre_data_fifo_ip_1024x256_blk_mem_gen_v8_3_1
INFO: [VRFC 10-311] analyzing module br_pre_data_fifo_ip_1024x256_blk_mem_gen_v8_3_1_synth
INFO: [VRFC 10-311] analyzing module br_pre_data_fifo_ip_1024x256_compare
INFO: [VRFC 10-311] analyzing module br_pre_data_fifo_ip_1024x256_compare_0
INFO: [VRFC 10-311] analyzing module br_pre_data_fifo_ip_1024x256_compare_1
INFO: [VRFC 10-311] analyzing module br_pre_data_fifo_ip_1024x256_compare_2
INFO: [VRFC 10-311] analyzing module br_pre_data_fifo_ip_1024x256_dc_ss
INFO: [VRFC 10-311] analyzing module br_pre_data_fifo_ip_1024x256_fifo_generator_ramfifo
INFO: [VRFC 10-311] analyzing module br_pre_data_fifo_ip_1024x256_fifo_generator_top
INFO: [VRFC 10-311] analyzing module br_pre_data_fifo_ip_1024x256_fifo_generator_v13_0_1
INFO: [VRFC 10-311] analyzing module br_pre_data_fifo_ip_1024x256_fifo_generator_v13_0_1_synth
INFO: [VRFC 10-311] analyzing module br_pre_data_fifo_ip_1024x256_memory
INFO: [VRFC 10-311] analyzing module br_pre_data_fifo_ip_1024x256_rd_bin_cntr
INFO: [VRFC 10-311] analyzing module br_pre_data_fifo_ip_1024x256_rd_logic
INFO: [VRFC 10-311] analyzing module br_pre_data_fifo_ip_1024x256_rd_status_flags_ss
INFO: [VRFC 10-311] analyzing module br_pre_data_fifo_ip_1024x256_reset_blk_ramfifo
INFO: [VRFC 10-311] analyzing module br_pre_data_fifo_ip_1024x256_updn_cntr
INFO: [VRFC 10-311] analyzing module br_pre_data_fifo_ip_1024x256_wr_bin_cntr
INFO: [VRFC 10-311] analyzing module br_pre_data_fifo_ip_1024x256_wr_logic
INFO: [VRFC 10-311] analyzing module br_pre_data_fifo_ip_1024x256_wr_status_flags_ss
INFO: [VRFC 10-311] analyzing module br_sfifo4x32
INFO: [VRFC 10-311] analyzing module br_sfifo_ip_4x32
INFO: [VRFC 10-311] analyzing module br_sfifo_ip_4x32_blk_mem_gen_generic_cstr
INFO: [VRFC 10-311] analyzing module br_sfifo_ip_4x32_blk_mem_gen_prim_width
INFO: [VRFC 10-311] analyzing module br_sfifo_ip_4x32_blk_mem_gen_prim_wrapper
INFO: [VRFC 10-311] analyzing module br_sfifo_ip_4x32_blk_mem_gen_top
INFO: [VRFC 10-311] analyzing module br_sfifo_ip_4x32_blk_mem_gen_v8_3_1
INFO: [VRFC 10-311] analyzing module br_sfifo_ip_4x32_blk_mem_gen_v8_3_1_synth
INFO: [VRFC 10-311] analyzing module br_sfifo_ip_4x32_dc_ss
INFO: [VRFC 10-311] analyzing module br_sfifo_ip_4x32_fifo_generator_ramfifo
INFO: [VRFC 10-311] analyzing module br_sfifo_ip_4x32_fifo_generator_top
INFO: [VRFC 10-311] analyzing module br_sfifo_ip_4x32_fifo_generator_v13_0_1
INFO: [VRFC 10-311] analyzing module br_sfifo_ip_4x32_fifo_generator_v13_0_1_synth
INFO: [VRFC 10-311] analyzing module br_sfifo_ip_4x32_memory
INFO: [VRFC 10-311] analyzing module br_sfifo_ip_4x32_rd_bin_cntr
INFO: [VRFC 10-311] analyzing module br_sfifo_ip_4x32_rd_logic
INFO: [VRFC 10-311] analyzing module br_sfifo_ip_4x32_rd_status_flags_ss
INFO: [VRFC 10-311] analyzing module br_sfifo_ip_4x32_reset_blk_ramfifo
INFO: [VRFC 10-311] analyzing module br_sfifo_ip_4x32_updn_cntr
INFO: [VRFC 10-311] analyzing module br_sfifo_ip_4x32_wr_bin_cntr
INFO: [VRFC 10-311] analyzing module br_sfifo_ip_4x32_wr_logic
INFO: [VRFC 10-311] analyzing module br_sfifo_ip_4x32_wr_status_flags_ss
INFO: [VRFC 10-311] analyzing module byte_reordering_wrap
INFO: [VRFC 10-311] analyzing module clock_control
INFO: [VRFC 10-311] analyzing module clock_control_program
INFO: [VRFC 10-311] analyzing module eth_crc32_gen
INFO: [VRFC 10-311] analyzing module fmac_fifo4Kx32
INFO: [VRFC 10-311] analyzing module fmac_ipcs_fifo512x64
INFO: [VRFC 10-311] analyzing module fmac_rx_fifo4Kx256
INFO: [VRFC 10-311] analyzing module fmac_rxfifo_ip_4Kx256
INFO: [VRFC 10-311] analyzing module fmac_rxfifo_ip_4Kx256_blk_mem_gen_generic_cstr
INFO: [VRFC 10-311] analyzing module fmac_rxfifo_ip_4Kx256_blk_mem_gen_prim_width
INFO: [VRFC 10-311] analyzing module fmac_rxfifo_ip_4Kx256_blk_mem_gen_prim_width__parameterized0
INFO: [VRFC 10-311] analyzing module fmac_rxfifo_ip_4Kx256_blk_mem_gen_prim_width__parameterized1
INFO: [VRFC 10-311] analyzing module fmac_rxfifo_ip_4Kx256_blk_mem_gen_prim_width__parameterized10
INFO: [VRFC 10-311] analyzing module fmac_rxfifo_ip_4Kx256_blk_mem_gen_prim_width__parameterized11
INFO: [VRFC 10-311] analyzing module fmac_rxfifo_ip_4Kx256_blk_mem_gen_prim_width__parameterized12
INFO: [VRFC 10-311] analyzing module fmac_rxfifo_ip_4Kx256_blk_mem_gen_prim_width__parameterized13
INFO: [VRFC 10-311] analyzing module fmac_rxfifo_ip_4Kx256_blk_mem_gen_prim_width__parameterized14
INFO: [VRFC 10-311] analyzing module fmac_rxfifo_ip_4Kx256_blk_mem_gen_prim_width__parameterized15
INFO: [VRFC 10-311] analyzing module fmac_rxfifo_ip_4Kx256_blk_mem_gen_prim_width__parameterized16
INFO: [VRFC 10-311] analyzing module fmac_rxfifo_ip_4Kx256_blk_mem_gen_prim_width__parameterized17
INFO: [VRFC 10-311] analyzing module fmac_rxfifo_ip_4Kx256_blk_mem_gen_prim_width__parameterized18
INFO: [VRFC 10-311] analyzing module fmac_rxfifo_ip_4Kx256_blk_mem_gen_prim_width__parameterized19
INFO: [VRFC 10-311] analyzing module fmac_rxfifo_ip_4Kx256_blk_mem_gen_prim_width__parameterized2
INFO: [VRFC 10-311] analyzing module fmac_rxfifo_ip_4Kx256_blk_mem_gen_prim_width__parameterized20
INFO: [VRFC 10-311] analyzing module fmac_rxfifo_ip_4Kx256_blk_mem_gen_prim_width__parameterized21
INFO: [VRFC 10-311] analyzing module fmac_rxfifo_ip_4Kx256_blk_mem_gen_prim_width__parameterized22
INFO: [VRFC 10-311] analyzing module fmac_rxfifo_ip_4Kx256_blk_mem_gen_prim_width__parameterized23
INFO: [VRFC 10-311] analyzing module fmac_rxfifo_ip_4Kx256_blk_mem_gen_prim_width__parameterized24
INFO: [VRFC 10-311] analyzing module fmac_rxfifo_ip_4Kx256_blk_mem_gen_prim_width__parameterized25
INFO: [VRFC 10-311] analyzing module fmac_rxfifo_ip_4Kx256_blk_mem_gen_prim_width__parameterized26
INFO: [VRFC 10-311] analyzing module fmac_rxfifo_ip_4Kx256_blk_mem_gen_prim_width__parameterized27
INFO: [VRFC 10-311] analyzing module fmac_rxfifo_ip_4Kx256_blk_mem_gen_prim_width__parameterized3
INFO: [VRFC 10-311] analyzing module fmac_rxfifo_ip_4Kx256_blk_mem_gen_prim_width__parameterized4
INFO: [VRFC 10-311] analyzing module fmac_rxfifo_ip_4Kx256_blk_mem_gen_prim_width__parameterized5
INFO: [VRFC 10-311] analyzing module fmac_rxfifo_ip_4Kx256_blk_mem_gen_prim_width__parameterized6
INFO: [VRFC 10-311] analyzing module fmac_rxfifo_ip_4Kx256_blk_mem_gen_prim_width__parameterized7
INFO: [VRFC 10-311] analyzing module fmac_rxfifo_ip_4Kx256_blk_mem_gen_prim_width__parameterized8
INFO: [VRFC 10-311] analyzing module fmac_rxfifo_ip_4Kx256_blk_mem_gen_prim_width__parameterized9
INFO: [VRFC 10-311] analyzing module fmac_rxfifo_ip_4Kx256_blk_mem_gen_prim_wrapper
INFO: [VRFC 10-311] analyzing module fmac_rxfifo_ip_4Kx256_blk_mem_gen_prim_wrapper__parameterized0
INFO: [VRFC 10-311] analyzing module fmac_rxfifo_ip_4Kx256_blk_mem_gen_prim_wrapper__parameterized1
INFO: [VRFC 10-311] analyzing module fmac_rxfifo_ip_4Kx256_blk_mem_gen_prim_wrapper__parameterized10
INFO: [VRFC 10-311] analyzing module fmac_rxfifo_ip_4Kx256_blk_mem_gen_prim_wrapper__parameterized11
INFO: [VRFC 10-311] analyzing module fmac_rxfifo_ip_4Kx256_blk_mem_gen_prim_wrapper__parameterized12
INFO: [VRFC 10-311] analyzing module fmac_rxfifo_ip_4Kx256_blk_mem_gen_prim_wrapper__parameterized13
INFO: [VRFC 10-311] analyzing module fmac_rxfifo_ip_4Kx256_blk_mem_gen_prim_wrapper__parameterized14
INFO: [VRFC 10-311] analyzing module fmac_rxfifo_ip_4Kx256_blk_mem_gen_prim_wrapper__parameterized15
INFO: [VRFC 10-311] analyzing module fmac_rxfifo_ip_4Kx256_blk_mem_gen_prim_wrapper__parameterized16
INFO: [VRFC 10-311] analyzing module fmac_rxfifo_ip_4Kx256_blk_mem_gen_prim_wrapper__parameterized17
INFO: [VRFC 10-311] analyzing module fmac_rxfifo_ip_4Kx256_blk_mem_gen_prim_wrapper__parameterized18
INFO: [VRFC 10-311] analyzing module fmac_rxfifo_ip_4Kx256_blk_mem_gen_prim_wrapper__parameterized19
INFO: [VRFC 10-311] analyzing module fmac_rxfifo_ip_4Kx256_blk_mem_gen_prim_wrapper__parameterized2
INFO: [VRFC 10-311] analyzing module fmac_rxfifo_ip_4Kx256_blk_mem_gen_prim_wrapper__parameterized20
INFO: [VRFC 10-311] analyzing module fmac_rxfifo_ip_4Kx256_blk_mem_gen_prim_wrapper__parameterized21
INFO: [VRFC 10-311] analyzing module fmac_rxfifo_ip_4Kx256_blk_mem_gen_prim_wrapper__parameterized22
INFO: [VRFC 10-311] analyzing module fmac_rxfifo_ip_4Kx256_blk_mem_gen_prim_wrapper__parameterized23
INFO: [VRFC 10-311] analyzing module fmac_rxfifo_ip_4Kx256_blk_mem_gen_prim_wrapper__parameterized24
INFO: [VRFC 10-311] analyzing module fmac_rxfifo_ip_4Kx256_blk_mem_gen_prim_wrapper__parameterized25
INFO: [VRFC 10-311] analyzing module fmac_rxfifo_ip_4Kx256_blk_mem_gen_prim_wrapper__parameterized26
INFO: [VRFC 10-311] analyzing module fmac_rxfifo_ip_4Kx256_blk_mem_gen_prim_wrapper__parameterized27
INFO: [VRFC 10-311] analyzing module fmac_rxfifo_ip_4Kx256_blk_mem_gen_prim_wrapper__parameterized3
INFO: [VRFC 10-311] analyzing module fmac_rxfifo_ip_4Kx256_blk_mem_gen_prim_wrapper__parameterized4
INFO: [VRFC 10-311] analyzing module fmac_rxfifo_ip_4Kx256_blk_mem_gen_prim_wrapper__parameterized5
INFO: [VRFC 10-311] analyzing module fmac_rxfifo_ip_4Kx256_blk_mem_gen_prim_wrapper__parameterized6
INFO: [VRFC 10-311] analyzing module fmac_rxfifo_ip_4Kx256_blk_mem_gen_prim_wrapper__parameterized7
INFO: [VRFC 10-311] analyzing module fmac_rxfifo_ip_4Kx256_blk_mem_gen_prim_wrapper__parameterized8
INFO: [VRFC 10-311] analyzing module fmac_rxfifo_ip_4Kx256_blk_mem_gen_prim_wrapper__parameterized9
INFO: [VRFC 10-311] analyzing module fmac_rxfifo_ip_4Kx256_blk_mem_gen_top
INFO: [VRFC 10-311] analyzing module fmac_rxfifo_ip_4Kx256_blk_mem_gen_v8_3_1
INFO: [VRFC 10-311] analyzing module fmac_rxfifo_ip_4Kx256_blk_mem_gen_v8_3_1_synth
INFO: [VRFC 10-311] analyzing module fmac_rxfifo_ip_4Kx256_compare
INFO: [VRFC 10-311] analyzing module fmac_rxfifo_ip_4Kx256_compare_0
INFO: [VRFC 10-311] analyzing module fmac_rxfifo_ip_4Kx256_compare_1
INFO: [VRFC 10-311] analyzing module fmac_rxfifo_ip_4Kx256_compare_2
INFO: [VRFC 10-311] analyzing module fmac_rxfifo_ip_4Kx256_dc_ss
INFO: [VRFC 10-311] analyzing module fmac_rxfifo_ip_4Kx256_fifo_generator_ramfifo
INFO: [VRFC 10-311] analyzing module fmac_rxfifo_ip_4Kx256_fifo_generator_top
INFO: [VRFC 10-311] analyzing module fmac_rxfifo_ip_4Kx256_fifo_generator_v13_0_1
INFO: [VRFC 10-311] analyzing module fmac_rxfifo_ip_4Kx256_fifo_generator_v13_0_1_synth
INFO: [VRFC 10-311] analyzing module fmac_rxfifo_ip_4Kx256_memory
INFO: [VRFC 10-311] analyzing module fmac_rxfifo_ip_4Kx256_rd_bin_cntr
INFO: [VRFC 10-311] analyzing module fmac_rxfifo_ip_4Kx256_rd_logic
INFO: [VRFC 10-311] analyzing module fmac_rxfifo_ip_4Kx256_rd_status_flags_ss
INFO: [VRFC 10-311] analyzing module fmac_rxfifo_ip_4Kx256_reset_blk_ramfifo
INFO: [VRFC 10-311] analyzing module fmac_rxfifo_ip_4Kx256_updn_cntr
INFO: [VRFC 10-311] analyzing module fmac_rxfifo_ip_4Kx256_wr_bin_cntr
INFO: [VRFC 10-311] analyzing module fmac_rxfifo_ip_4Kx256_wr_logic
INFO: [VRFC 10-311] analyzing module fmac_rxfifo_ip_4Kx256_wr_status_flags_ss
INFO: [VRFC 10-311] analyzing module ipcs_fifo_ip_512x64
INFO: [VRFC 10-311] analyzing module ipcs_fifo_ip_512x64_blk_mem_gen_generic_cstr
INFO: [VRFC 10-311] analyzing module ipcs_fifo_ip_512x64_blk_mem_gen_prim_width
INFO: [VRFC 10-311] analyzing module ipcs_fifo_ip_512x64_blk_mem_gen_prim_wrapper
INFO: [VRFC 10-311] analyzing module ipcs_fifo_ip_512x64_blk_mem_gen_top
INFO: [VRFC 10-311] analyzing module ipcs_fifo_ip_512x64_blk_mem_gen_v8_3_1
INFO: [VRFC 10-311] analyzing module ipcs_fifo_ip_512x64_blk_mem_gen_v8_3_1_synth
INFO: [VRFC 10-311] analyzing module ipcs_fifo_ip_512x64_compare
INFO: [VRFC 10-311] analyzing module ipcs_fifo_ip_512x64_compare_0
INFO: [VRFC 10-311] analyzing module ipcs_fifo_ip_512x64_compare_1
INFO: [VRFC 10-311] analyzing module ipcs_fifo_ip_512x64_compare_2
INFO: [VRFC 10-311] analyzing module ipcs_fifo_ip_512x64_dc_ss
INFO: [VRFC 10-311] analyzing module ipcs_fifo_ip_512x64_fifo_generator_ramfifo
INFO: [VRFC 10-311] analyzing module ipcs_fifo_ip_512x64_fifo_generator_top
INFO: [VRFC 10-311] analyzing module ipcs_fifo_ip_512x64_fifo_generator_v13_0_1
INFO: [VRFC 10-311] analyzing module ipcs_fifo_ip_512x64_fifo_generator_v13_0_1_synth
INFO: [VRFC 10-311] analyzing module ipcs_fifo_ip_512x64_memory
INFO: [VRFC 10-311] analyzing module ipcs_fifo_ip_512x64_rd_bin_cntr
INFO: [VRFC 10-311] analyzing module ipcs_fifo_ip_512x64_rd_logic
INFO: [VRFC 10-311] analyzing module ipcs_fifo_ip_512x64_rd_status_flags_ss
INFO: [VRFC 10-311] analyzing module ipcs_fifo_ip_512x64_reset_blk_ramfifo
INFO: [VRFC 10-311] analyzing module ipcs_fifo_ip_512x64_updn_cntr
INFO: [VRFC 10-311] analyzing module ipcs_fifo_ip_512x64_wr_bin_cntr
INFO: [VRFC 10-311] analyzing module ipcs_fifo_ip_512x64_wr_logic
INFO: [VRFC 10-311] analyzing module ipcs_fifo_ip_512x64_wr_status_flags_ss
INFO: [VRFC 10-311] analyzing module kcpsm6
INFO: [VRFC 10-311] analyzing module network_path_shared
INFO: [VRFC 10-311] analyzing module pktctrl_fifo_ip_4kx32
INFO: [VRFC 10-311] analyzing module pktctrl_fifo_ip_4kx32_blk_mem_gen_generic_cstr
INFO: [VRFC 10-311] analyzing module pktctrl_fifo_ip_4kx32_blk_mem_gen_prim_width
INFO: [VRFC 10-311] analyzing module pktctrl_fifo_ip_4kx32_blk_mem_gen_prim_width__parameterized0
INFO: [VRFC 10-311] analyzing module pktctrl_fifo_ip_4kx32_blk_mem_gen_prim_width__parameterized1
INFO: [VRFC 10-311] analyzing module pktctrl_fifo_ip_4kx32_blk_mem_gen_prim_width__parameterized2
INFO: [VRFC 10-311] analyzing module pktctrl_fifo_ip_4kx32_blk_mem_gen_prim_wrapper
INFO: [VRFC 10-311] analyzing module pktctrl_fifo_ip_4kx32_blk_mem_gen_prim_wrapper__parameterized0
INFO: [VRFC 10-311] analyzing module pktctrl_fifo_ip_4kx32_blk_mem_gen_prim_wrapper__parameterized1
INFO: [VRFC 10-311] analyzing module pktctrl_fifo_ip_4kx32_blk_mem_gen_prim_wrapper__parameterized2
INFO: [VRFC 10-311] analyzing module pktctrl_fifo_ip_4kx32_blk_mem_gen_top
INFO: [VRFC 10-311] analyzing module pktctrl_fifo_ip_4kx32_blk_mem_gen_v8_3_1
INFO: [VRFC 10-311] analyzing module pktctrl_fifo_ip_4kx32_blk_mem_gen_v8_3_1_synth
INFO: [VRFC 10-311] analyzing module pktctrl_fifo_ip_4kx32_compare
INFO: [VRFC 10-311] analyzing module pktctrl_fifo_ip_4kx32_compare_0
INFO: [VRFC 10-311] analyzing module pktctrl_fifo_ip_4kx32_compare_1
INFO: [VRFC 10-311] analyzing module pktctrl_fifo_ip_4kx32_compare_2
INFO: [VRFC 10-311] analyzing module pktctrl_fifo_ip_4kx32_dc_ss
INFO: [VRFC 10-311] analyzing module pktctrl_fifo_ip_4kx32_fifo_generator_ramfifo
INFO: [VRFC 10-311] analyzing module pktctrl_fifo_ip_4kx32_fifo_generator_top
INFO: [VRFC 10-311] analyzing module pktctrl_fifo_ip_4kx32_fifo_generator_v13_0_1
INFO: [VRFC 10-311] analyzing module pktctrl_fifo_ip_4kx32_fifo_generator_v13_0_1_synth
INFO: [VRFC 10-311] analyzing module pktctrl_fifo_ip_4kx32_memory
INFO: [VRFC 10-311] analyzing module pktctrl_fifo_ip_4kx32_rd_bin_cntr
INFO: [VRFC 10-311] analyzing module pktctrl_fifo_ip_4kx32_rd_logic
INFO: [VRFC 10-311] analyzing module pktctrl_fifo_ip_4kx32_rd_status_flags_ss
INFO: [VRFC 10-311] analyzing module pktctrl_fifo_ip_4kx32_reset_blk_ramfifo
INFO: [VRFC 10-311] analyzing module pktctrl_fifo_ip_4kx32_updn_cntr
INFO: [VRFC 10-311] analyzing module pktctrl_fifo_ip_4kx32_wr_bin_cntr
INFO: [VRFC 10-311] analyzing module pktctrl_fifo_ip_4kx32_wr_logic
INFO: [VRFC 10-311] analyzing module pktctrl_fifo_ip_4kx32_wr_status_flags_ss
INFO: [VRFC 10-311] analyzing module rx_100G
INFO: [VRFC 10-311] analyzing module rx_50G
INFO: [VRFC 10-311] analyzing module s2p10
INFO: [VRFC 10-311] analyzing module synchronizer_simple
INFO: [VRFC 10-311] analyzing module tcore_byte_reordering
INFO: [VRFC 10-311] analyzing module tcore_fmac_core
INFO: [VRFC 10-311] analyzing module tcore_rx_cgmii
INFO: [VRFC 10-311] analyzing module ten_gig_eth_pcs_pma_ip_shared_logic_in_core
INFO: [VRFC 10-311] analyzing module ten_gig_eth_pcs_pma_ip_shared_logic_in_core_block
INFO: [VRFC 10-311] analyzing module ten_gig_eth_pcs_pma_ip_shared_logic_in_core_cable_pull_logic
INFO: [VRFC 10-311] analyzing module ten_gig_eth_pcs_pma_ip_shared_logic_in_core_ff_synchronizer
INFO: [VRFC 10-311] analyzing module ten_gig_eth_pcs_pma_ip_shared_logic_in_core_ff_synchronizer_1
INFO: [VRFC 10-311] analyzing module ten_gig_eth_pcs_pma_ip_shared_logic_in_core_ff_synchronizer_15
INFO: [VRFC 10-311] analyzing module ten_gig_eth_pcs_pma_ip_shared_logic_in_core_ff_synchronizer_16
INFO: [VRFC 10-311] analyzing module ten_gig_eth_pcs_pma_ip_shared_logic_in_core_ff_synchronizer_17
INFO: [VRFC 10-311] analyzing module ten_gig_eth_pcs_pma_ip_shared_logic_in_core_ff_synchronizer_19
INFO: [VRFC 10-311] analyzing module ten_gig_eth_pcs_pma_ip_shared_logic_in_core_ff_synchronizer_2
INFO: [VRFC 10-311] analyzing module ten_gig_eth_pcs_pma_ip_shared_logic_in_core_ff_synchronizer_21
INFO: [VRFC 10-311] analyzing module ten_gig_eth_pcs_pma_ip_shared_logic_in_core_ff_synchronizer_4
INFO: [VRFC 10-311] analyzing module ten_gig_eth_pcs_pma_ip_shared_logic_in_core_ff_synchronizer_5
INFO: [VRFC 10-311] analyzing module ten_gig_eth_pcs_pma_ip_shared_logic_in_core_ff_synchronizer_rst
INFO: [VRFC 10-311] analyzing module ten_gig_eth_pcs_pma_ip_shared_logic_in_core_ff_synchronizer_rst_0
INFO: [VRFC 10-311] analyzing module ten_gig_eth_pcs_pma_ip_shared_logic_in_core_ff_synchronizer_rst_10
INFO: [VRFC 10-311] analyzing module ten_gig_eth_pcs_pma_ip_shared_logic_in_core_ff_synchronizer_rst_11
INFO: [VRFC 10-311] analyzing module ten_gig_eth_pcs_pma_ip_shared_logic_in_core_ff_synchronizer_rst_12
INFO: [VRFC 10-311] analyzing module ten_gig_eth_pcs_pma_ip_shared_logic_in_core_ff_synchronizer_rst_13
INFO: [VRFC 10-311] analyzing module ten_gig_eth_pcs_pma_ip_shared_logic_in_core_ff_synchronizer_rst_14
INFO: [VRFC 10-311] analyzing module ten_gig_eth_pcs_pma_ip_shared_logic_in_core_ff_synchronizer_rst_18
INFO: [VRFC 10-311] analyzing module ten_gig_eth_pcs_pma_ip_shared_logic_in_core_ff_synchronizer_rst_20
INFO: [VRFC 10-311] analyzing module ten_gig_eth_pcs_pma_ip_shared_logic_in_core_ff_synchronizer_rst_3
INFO: [VRFC 10-311] analyzing module ten_gig_eth_pcs_pma_ip_shared_logic_in_core_ff_synchronizer_rst_6
INFO: [VRFC 10-311] analyzing module ten_gig_eth_pcs_pma_ip_shared_logic_in_core_ff_synchronizer_rst_7
INFO: [VRFC 10-311] analyzing module ten_gig_eth_pcs_pma_ip_shared_logic_in_core_ff_synchronizer_rst_8
INFO: [VRFC 10-311] analyzing module ten_gig_eth_pcs_pma_ip_shared_logic_in_core_ff_synchronizer_rst_9
INFO: [VRFC 10-311] analyzing module ten_gig_eth_pcs_pma_ip_shared_logic_in_core_ff_synchronizer_rst__parameterized0
INFO: [VRFC 10-311] analyzing module ten_gig_eth_pcs_pma_ip_shared_logic_in_core_ff_synchronizer_rst__parameterized1
INFO: [VRFC 10-311] analyzing module ten_gig_eth_pcs_pma_ip_shared_logic_in_core_ff_synchronizer_rst__parameterized2
INFO: [VRFC 10-311] analyzing module ten_gig_eth_pcs_pma_ip_shared_logic_in_core_ff_synchronizer_rst__parameterized3
INFO: [VRFC 10-311] analyzing module ten_gig_eth_pcs_pma_ip_shared_logic_in_core_ff_synchronizer_rst__parameterized4
INFO: [VRFC 10-311] analyzing module ten_gig_eth_pcs_pma_ip_shared_logic_in_core_gt_common
INFO: [VRFC 10-311] analyzing module ten_gig_eth_pcs_pma_ip_shared_logic_in_core_gtwizard_gth_10gbaser_GT
INFO: [VRFC 10-311] analyzing module ten_gig_eth_pcs_pma_ip_shared_logic_in_core_gtwizard_gth_10gbaser_multi_GT
INFO: [VRFC 10-311] analyzing module ten_gig_eth_pcs_pma_ip_shared_logic_in_core_local_clock_and_reset
INFO: [VRFC 10-311] analyzing module ten_gig_eth_pcs_pma_ip_shared_logic_in_core_shared_clock_and_reset
INFO: [VRFC 10-311] analyzing module ten_gig_eth_pcs_pma_ip_shared_logic_in_core_sim_speedup_controller
INFO: [VRFC 10-311] analyzing module ten_gig_eth_pcs_pma_ip_shared_logic_in_core_support
INFO: [VRFC 10-311] analyzing module ten_gig_eth_pcs_pma_v6_0_3
INFO: [VRFC 10-311] analyzing module ten_gig_eth_pcs_pma_v6_0_3_asynch_fifo
INFO: [VRFC 10-311] analyzing module ten_gig_eth_pcs_pma_v6_0_3_asynch_fifo__parameterized0
INFO: [VRFC 10-311] analyzing module ten_gig_eth_pcs_pma_v6_0_3_baser_gen
INFO: [VRFC 10-311] analyzing module ten_gig_eth_pcs_pma_v6_0_3_baser_top
INFO: [VRFC 10-311] analyzing module ten_gig_eth_pcs_pma_v6_0_3_coherent_resyncs_en
INFO: [VRFC 10-311] analyzing module ten_gig_eth_pcs_pma_v6_0_3_coherent_resyncs_en__parameterized0
INFO: [VRFC 10-311] analyzing module ten_gig_eth_pcs_pma_v6_0_3_common_ieee_registers
INFO: [VRFC 10-311] analyzing module ten_gig_eth_pcs_pma_v6_0_3_dp_ram
INFO: [VRFC 10-311] analyzing module ten_gig_eth_pcs_pma_v6_0_3_dp_ram__parameterized0
INFO: [VRFC 10-311] analyzing module ten_gig_eth_pcs_pma_v6_0_3_drp_ipif
INFO: [VRFC 10-311] analyzing module ten_gig_eth_pcs_pma_v6_0_3_elastic_buffer
INFO: [VRFC 10-311] analyzing module ten_gig_eth_pcs_pma_v6_0_3_elastic_buffer_wrapper
INFO: [VRFC 10-311] analyzing module ten_gig_eth_pcs_pma_v6_0_3_g_register
INFO: [VRFC 10-311] analyzing module ten_gig_eth_pcs_pma_v6_0_3_g_register_38
INFO: [VRFC 10-311] analyzing module ten_gig_eth_pcs_pma_v6_0_3_g_register_39
INFO: [VRFC 10-311] analyzing module ten_gig_eth_pcs_pma_v6_0_3_g_register_40
INFO: [VRFC 10-311] analyzing module ten_gig_eth_pcs_pma_v6_0_3_g_register_41
INFO: [VRFC 10-311] analyzing module ten_gig_eth_pcs_pma_v6_0_3_g_register__parameterized0
INFO: [VRFC 10-311] analyzing module ten_gig_eth_pcs_pma_v6_0_3_g_register__parameterized1
INFO: [VRFC 10-311] analyzing module ten_gig_eth_pcs_pma_v6_0_3_g_register__parameterized10
INFO: [VRFC 10-311] analyzing module ten_gig_eth_pcs_pma_v6_0_3_g_register__parameterized11
INFO: [VRFC 10-311] analyzing module ten_gig_eth_pcs_pma_v6_0_3_g_register__parameterized12
INFO: [VRFC 10-311] analyzing module ten_gig_eth_pcs_pma_v6_0_3_g_register__parameterized13
INFO: [VRFC 10-311] analyzing module ten_gig_eth_pcs_pma_v6_0_3_g_register__parameterized14
INFO: [VRFC 10-311] analyzing module ten_gig_eth_pcs_pma_v6_0_3_g_register__parameterized15
INFO: [VRFC 10-311] analyzing module ten_gig_eth_pcs_pma_v6_0_3_g_register__parameterized16
INFO: [VRFC 10-311] analyzing module ten_gig_eth_pcs_pma_v6_0_3_g_register__parameterized17
INFO: [VRFC 10-311] analyzing module ten_gig_eth_pcs_pma_v6_0_3_g_register__parameterized18
INFO: [VRFC 10-311] analyzing module ten_gig_eth_pcs_pma_v6_0_3_g_register__parameterized19
INFO: [VRFC 10-311] analyzing module ten_gig_eth_pcs_pma_v6_0_3_g_register__parameterized2
INFO: [VRFC 10-311] analyzing module ten_gig_eth_pcs_pma_v6_0_3_g_register__parameterized20
INFO: [VRFC 10-311] analyzing module ten_gig_eth_pcs_pma_v6_0_3_g_register__parameterized21
INFO: [VRFC 10-311] analyzing module ten_gig_eth_pcs_pma_v6_0_3_g_register__parameterized22
INFO: [VRFC 10-311] analyzing module ten_gig_eth_pcs_pma_v6_0_3_g_register__parameterized23
INFO: [VRFC 10-311] analyzing module ten_gig_eth_pcs_pma_v6_0_3_g_register__parameterized24
INFO: [VRFC 10-311] analyzing module ten_gig_eth_pcs_pma_v6_0_3_g_register__parameterized25
INFO: [VRFC 10-311] analyzing module ten_gig_eth_pcs_pma_v6_0_3_g_register__parameterized26
INFO: [VRFC 10-311] analyzing module ten_gig_eth_pcs_pma_v6_0_3_g_register__parameterized4
INFO: [VRFC 10-311] analyzing module ten_gig_eth_pcs_pma_v6_0_3_g_register__parameterized5
INFO: [VRFC 10-311] analyzing module ten_gig_eth_pcs_pma_v6_0_3_g_register__parameterized7
INFO: [VRFC 10-311] analyzing module ten_gig_eth_pcs_pma_v6_0_3_g_register__parameterized8
INFO: [VRFC 10-311] analyzing module ten_gig_eth_pcs_pma_v6_0_3_g_register__parameterized9
INFO: [VRFC 10-311] analyzing module ten_gig_eth_pcs_pma_v6_0_3_g_resyncs
INFO: [VRFC 10-311] analyzing module ten_gig_eth_pcs_pma_v6_0_3_g_resyncs__parameterized0
INFO: [VRFC 10-311] analyzing module ten_gig_eth_pcs_pma_v6_0_3_g_resyncs_en
INFO: [VRFC 10-311] analyzing module ten_gig_eth_pcs_pma_v6_0_3_idle_delete
INFO: [VRFC 10-311] analyzing module ten_gig_eth_pcs_pma_v6_0_3_idle_detect
INFO: [VRFC 10-311] analyzing module ten_gig_eth_pcs_pma_v6_0_3_idle_detect_45
INFO: [VRFC 10-311] analyzing module ten_gig_eth_pcs_pma_v6_0_3_idle_insert
INFO: [VRFC 10-311] analyzing module ten_gig_eth_pcs_pma_v6_0_3_ieee_counters
INFO: [VRFC 10-311] analyzing module ten_gig_eth_pcs_pma_v6_0_3_ieee_registers
INFO: [VRFC 10-311] analyzing module ten_gig_eth_pcs_pma_v6_0_3_ipif_access
INFO: [VRFC 10-311] analyzing module ten_gig_eth_pcs_pma_v6_0_3_management_mdio
INFO: [VRFC 10-311] analyzing module ten_gig_eth_pcs_pma_v6_0_3_management_top
INFO: [VRFC 10-311] analyzing module ten_gig_eth_pcs_pma_v6_0_3_mdio_interface
INFO: [VRFC 10-311] analyzing module ten_gig_eth_pcs_pma_v6_0_3_pcs_descramble
INFO: [VRFC 10-311] analyzing module ten_gig_eth_pcs_pma_v6_0_3_pcs_scramble
INFO: [VRFC 10-311] analyzing module ten_gig_eth_pcs_pma_v6_0_3_pcs_top
INFO: [VRFC 10-311] analyzing module ten_gig_eth_pcs_pma_v6_0_3_pulse_synchronizer
INFO: [VRFC 10-311] analyzing module ten_gig_eth_pcs_pma_v6_0_3_pulse_synchronizer_26
INFO: [VRFC 10-311] analyzing module ten_gig_eth_pcs_pma_v6_0_3_pulse_synchronizer_27
INFO: [VRFC 10-311] analyzing module ten_gig_eth_pcs_pma_v6_0_3_pulse_synchronizer_32
INFO: [VRFC 10-311] analyzing module ten_gig_eth_pcs_pma_v6_0_3_pulse_synchronizer_33
INFO: [VRFC 10-311] analyzing module ten_gig_eth_pcs_pma_v6_0_3_pulse_synchronizer_34
INFO: [VRFC 10-311] analyzing module ten_gig_eth_pcs_pma_v6_0_3_pulse_synchronizer_35
INFO: [VRFC 10-311] analyzing module ten_gig_eth_pcs_pma_v6_0_3_pulse_synchronizer_36
INFO: [VRFC 10-311] analyzing module ten_gig_eth_pcs_pma_v6_0_3_pulse_synchronizer_37
INFO: [VRFC 10-311] analyzing module ten_gig_eth_pcs_pma_v6_0_3_rx_ber_mon_fsm
INFO: [VRFC 10-311] analyzing module ten_gig_eth_pcs_pma_v6_0_3_rx_block_lock_fsm
INFO: [VRFC 10-311] analyzing module ten_gig_eth_pcs_pma_v6_0_3_rx_decoder
INFO: [VRFC 10-311] analyzing module ten_gig_eth_pcs_pma_v6_0_3_rx_pcs
INFO: [VRFC 10-311] analyzing module ten_gig_eth_pcs_pma_v6_0_3_rx_pcs_fsm
INFO: [VRFC 10-311] analyzing module ten_gig_eth_pcs_pma_v6_0_3_rx_pcs_test
INFO: [VRFC 10-311] analyzing module ten_gig_eth_pcs_pma_v6_0_3_rxratecounter
INFO: [VRFC 10-311] analyzing module ten_gig_eth_pcs_pma_v6_0_3_rxusrclk2_coreclk_counter_resync
INFO: [VRFC 10-311] analyzing module ten_gig_eth_pcs_pma_v6_0_3_rxusrclk2_coreclk_counter_resync_22
INFO: [VRFC 10-311] analyzing module ten_gig_eth_pcs_pma_v6_0_3_rxusrclk2_coreclk_counter_resync_25
INFO: [VRFC 10-311] analyzing module ten_gig_eth_pcs_pma_v6_0_3_seq_detect
INFO: [VRFC 10-311] analyzing module ten_gig_eth_pcs_pma_v6_0_3_seq_detect_46
INFO: [VRFC 10-311] analyzing module ten_gig_eth_pcs_pma_v6_0_3_synchronizer
INFO: [VRFC 10-311] analyzing module ten_gig_eth_pcs_pma_v6_0_3_synchronizer_23
INFO: [VRFC 10-311] analyzing module ten_gig_eth_pcs_pma_v6_0_3_synchronizer_24
INFO: [VRFC 10-311] analyzing module ten_gig_eth_pcs_pma_v6_0_3_synchronizer_28
INFO: [VRFC 10-311] analyzing module ten_gig_eth_pcs_pma_v6_0_3_synchronizer_29
INFO: [VRFC 10-311] analyzing module ten_gig_eth_pcs_pma_v6_0_3_synchronizer_30
INFO: [VRFC 10-311] analyzing module ten_gig_eth_pcs_pma_v6_0_3_synchronizer_31
INFO: [VRFC 10-311] analyzing module ten_gig_eth_pcs_pma_v6_0_3_synchronizer_42
INFO: [VRFC 10-311] analyzing module ten_gig_eth_pcs_pma_v6_0_3_synchronizer_43
INFO: [VRFC 10-311] analyzing module ten_gig_eth_pcs_pma_v6_0_3_synchronizer_44
INFO: [VRFC 10-311] analyzing module ten_gig_eth_pcs_pma_v6_0_3_synchronizer_47
INFO: [VRFC 10-311] analyzing module ten_gig_eth_pcs_pma_v6_0_3_synchronizer_48
INFO: [VRFC 10-311] analyzing module ten_gig_eth_pcs_pma_v6_0_3_synchronizer_enable
INFO: [VRFC 10-311] analyzing module ten_gig_eth_pcs_pma_v6_0_3_synchronizer_enable__21
INFO: [VRFC 10-311] analyzing module ten_gig_eth_pcs_pma_v6_0_3_synchronizer_enable__22
INFO: [VRFC 10-311] analyzing module ten_gig_eth_pcs_pma_v6_0_3_synchronizer_enable__23
INFO: [VRFC 10-311] analyzing module ten_gig_eth_pcs_pma_v6_0_3_synchronizer_enable__24
INFO: [VRFC 10-311] analyzing module ten_gig_eth_pcs_pma_v6_0_3_synchronizer_enable__25
INFO: [VRFC 10-311] analyzing module ten_gig_eth_pcs_pma_v6_0_3_synchronizer_enable__26
